nohup: ignoring input
2022-05-10 10:54:52.231107: I tensorflow/stream_executor/platform/default/dso_loader.cc:49] Successfully opened dynamic library libcudart.so.11.0
WARNING:tensorflow:Deprecation warnings have been disabled. Set TF_ENABLE_DEPRECATION_WARNINGS=1 to re-enable them.
[2022-05-10 10:54:53,337][INFO] GraphLearn is not installed. You can install it by "pip install https://easyrec.oss-cn-beijing.aliyuncs.com/3rdparty/graphlearn-0.7-cp27-cp27mu-linux_x86_64.whl"
[2022-05-10 10:54:53,393][INFO] Try importing sparse_operation_kit ...
2022-05-10 10:54:53.405275: I tensorflow/stream_executor/platform/default/dso_loader.cc:49] Successfully opened dynamic library libcudart.so.11.0
WARNING:tensorflow:TensorFlow will not use sklearn by default. This improves performance in some cases. To enable sklearn export the environment variable  TF_ALLOW_IOLIBS=1.
[2022-05-10 10:54:53,456][WARNING] TensorFlow will not use sklearn by default. This improves performance in some cases. To enable sklearn export the environment variable  TF_ALLOW_IOLIBS=1.
WARNING:tensorflow:TensorFlow will not use Dask by default. This improves performance in some cases. To enable Dask export the environment variable  TF_ALLOW_IOLIBS=1.
[2022-05-10 10:54:53,486][WARNING] TensorFlow will not use Dask by default. This improves performance in some cases. To enable Dask export the environment variable  TF_ALLOW_IOLIBS=1.
WARNING:tensorflow:TensorFlow will not use Pandas by default. This improves performance in some cases. To enable Pandas export the environment variable  TF_ALLOW_IOLIBS=1.
[2022-05-10 10:54:53,491][WARNING] TensorFlow will not use Pandas by default. This improves performance in some cases. To enable Pandas export the environment variable  TF_ALLOW_IOLIBS=1.
WARNING:tensorflow:From /home/ruotongw/EasyRec/easy_rec/python/utils/estimator_utils.py:28: The name tf.train.SessionRunHook is deprecated. Please use tf.estimator.SessionRunHook instead.

[2022-05-10 10:54:53,729][WARNING] From /home/ruotongw/EasyRec/easy_rec/python/utils/estimator_utils.py:28: The name tf.train.SessionRunHook is deprecated. Please use tf.estimator.SessionRunHook instead.

WARNING:tensorflow:From /home/ruotongw/EasyRec/easy_rec/python/utils/estimator_utils.py:29: The name tf.train.CheckpointSaverHook is deprecated. Please use tf.estimator.CheckpointSaverHook instead.

[2022-05-10 10:54:53,729][WARNING] From /home/ruotongw/EasyRec/easy_rec/python/utils/estimator_utils.py:29: The name tf.train.CheckpointSaverHook is deprecated. Please use tf.estimator.CheckpointSaverHook instead.

WARNING:tensorflow:From /home/ruotongw/EasyRec/easy_rec/python/feature_column/feature_column.py:19: The name tf.min_max_variable_partitioner is deprecated. Please use tf.compat.v1.min_max_variable_partitioner instead.

[2022-05-10 10:54:53,785][WARNING] From /home/ruotongw/EasyRec/easy_rec/python/feature_column/feature_column.py:19: The name tf.min_max_variable_partitioner is deprecated. Please use tf.compat.v1.min_max_variable_partitioner instead.

WARNING:tensorflow:From /home/ruotongw/EasyRec/easy_rec/python/main.py:39: The name tf.GPUOptions is deprecated. Please use tf.compat.v1.GPUOptions instead.

[2022-05-10 10:54:53,818][WARNING] From /home/ruotongw/EasyRec/easy_rec/python/main.py:39: The name tf.GPUOptions is deprecated. Please use tf.compat.v1.GPUOptions instead.

WARNING:tensorflow:From /home/ruotongw/EasyRec/easy_rec/python/main.py:40: The name tf.ConfigProto is deprecated. Please use tf.compat.v1.ConfigProto instead.

[2022-05-10 10:54:53,818][WARNING] From /home/ruotongw/EasyRec/easy_rec/python/main.py:40: The name tf.ConfigProto is deprecated. Please use tf.compat.v1.ConfigProto instead.

WARNING:tensorflow:From /home/ruotongw/EasyRec/easy_rec/python/layers/layer_norm.py:9: The name tf.layers.Layer is deprecated. Please use tf.compat.v1.layers.Layer instead.

[2022-05-10 10:54:54,215][WARNING] From /home/ruotongw/EasyRec/easy_rec/python/layers/layer_norm.py:9: The name tf.layers.Layer is deprecated. Please use tf.compat.v1.layers.Layer instead.

WARNING:tensorflow:
The TensorFlow contrib module will not be included in TensorFlow 2.0.
For more information, please see:
  * https://github.com/tensorflow/community/blob/master/rfcs/20180907-contrib-sunset.md
  * https://github.com/tensorflow/addons
  * https://github.com/tensorflow/io (for I/O related ops)
If you depend on functionality not listed there, please file an issue.

[2022-05-10 10:54:54,243][WARNING] 
The TensorFlow contrib module will not be included in TensorFlow 2.0.
For more information, please see:
  * https://github.com/tensorflow/community/blob/master/rfcs/20180907-contrib-sunset.md
  * https://github.com/tensorflow/addons
  * https://github.com/tensorflow/io (for I/O related ops)
If you depend on functionality not listed there, please file an issue.

[2022-05-10 10:54:54,258][WARNING] DataHub is not installed. You can install it by: pip install pydatahub
[2022-05-10 10:54:54,266][WARNING] pyhive is not installed.
WARNING:tensorflow:From /home/ruotongw/EasyRec/easy_rec/python/train_eval.py:148: The name tf.app.run is deprecated. Please use tf.compat.v1.app.run instead.

[2022-05-10 10:54:54,299][WARNING] From /home/ruotongw/EasyRec/easy_rec/python/train_eval.py:148: The name tf.app.run is deprecated. Please use tf.compat.v1.app.run instead.

WARNING:tensorflow:From /home/ruotongw/EasyRec/easy_rec/python/utils/config_util.py:40: The name tf.gfile.Exists is deprecated. Please use tf.io.gfile.exists instead.

W0510 10:54:54.299571 139648733099840 module_wrapper.py:137] From /home/ruotongw/EasyRec/easy_rec/python/utils/config_util.py:40: The name tf.gfile.Exists is deprecated. Please use tf.io.gfile.exists instead.

WARNING:tensorflow:From /home/ruotongw/EasyRec/easy_rec/python/utils/config_util.py:45: The name tf.gfile.GFile is deprecated. Please use tf.io.gfile.GFile instead.

W0510 10:54:54.299750 139648733099840 module_wrapper.py:137] From /home/ruotongw/EasyRec/easy_rec/python/utils/config_util.py:45: The name tf.gfile.GFile is deprecated. Please use tf.io.gfile.GFile instead.

W0510 10:54:54.307503 139648733099840 main.py:270] will set sync_replicas to False, because train_distribute[2] != NoStrategy
2022-05-10 10:54:54.308484: I tensorflow/stream_executor/platform/default/dso_loader.cc:49] Successfully opened dynamic library libcuda.so.1
2022-05-10 10:54:54.837119: I tensorflow/core/common_runtime/gpu/gpu_device.cc:1666] Found device 0 with properties: 
name: Tesla V100-SXM3-32GB major: 7 minor: 0 memoryClockRate(GHz): 1.597
pciBusID: 0000:34:00.0
2022-05-10 10:54:54.838739: I tensorflow/core/common_runtime/gpu/gpu_device.cc:1666] Found device 1 with properties: 
name: Tesla V100-SXM3-32GB major: 7 minor: 0 memoryClockRate(GHz): 1.597
pciBusID: 0000:36:00.0
2022-05-10 10:54:54.840303: I tensorflow/core/common_runtime/gpu/gpu_device.cc:1666] Found device 2 with properties: 
name: Tesla V100-SXM3-32GB major: 7 minor: 0 memoryClockRate(GHz): 1.597
pciBusID: 0000:39:00.0
2022-05-10 10:54:54.841871: I tensorflow/core/common_runtime/gpu/gpu_device.cc:1666] Found device 3 with properties: 
name: Tesla V100-SXM3-32GB major: 7 minor: 0 memoryClockRate(GHz): 1.597
pciBusID: 0000:3b:00.0
2022-05-10 10:54:54.843421: I tensorflow/core/common_runtime/gpu/gpu_device.cc:1666] Found device 4 with properties: 
name: Tesla V100-SXM3-32GB major: 7 minor: 0 memoryClockRate(GHz): 1.597
pciBusID: 0000:57:00.0
2022-05-10 10:54:54.844983: I tensorflow/core/common_runtime/gpu/gpu_device.cc:1666] Found device 5 with properties: 
name: Tesla V100-SXM3-32GB major: 7 minor: 0 memoryClockRate(GHz): 1.597
pciBusID: 0000:59:00.0
2022-05-10 10:54:54.846551: I tensorflow/core/common_runtime/gpu/gpu_device.cc:1666] Found device 6 with properties: 
name: Tesla V100-SXM3-32GB major: 7 minor: 0 memoryClockRate(GHz): 1.597
pciBusID: 0000:5c:00.0
2022-05-10 10:54:54.848115: I tensorflow/core/common_runtime/gpu/gpu_device.cc:1666] Found device 7 with properties: 
name: Tesla V100-SXM3-32GB major: 7 minor: 0 memoryClockRate(GHz): 1.597
pciBusID: 0000:5e:00.0
2022-05-10 10:54:54.848132: I tensorflow/stream_executor/platform/default/dso_loader.cc:49] Successfully opened dynamic library libcudart.so.11.0
2022-05-10 10:54:54.852578: I tensorflow/stream_executor/platform/default/dso_loader.cc:49] Successfully opened dynamic library libcublas.so.11
2022-05-10 10:54:54.877973: I tensorflow/stream_executor/platform/default/dso_loader.cc:49] Successfully opened dynamic library libcufft.so.10
2022-05-10 10:54:54.878251: I tensorflow/stream_executor/platform/default/dso_loader.cc:49] Successfully opened dynamic library libcurand.so.10
2022-05-10 10:54:54.878735: I tensorflow/stream_executor/platform/default/dso_loader.cc:49] Successfully opened dynamic library libcusolver.so.11
2022-05-10 10:54:54.879542: I tensorflow/stream_executor/platform/default/dso_loader.cc:49] Successfully opened dynamic library libcusparse.so.11
2022-05-10 10:54:54.879695: I tensorflow/stream_executor/platform/default/dso_loader.cc:49] Successfully opened dynamic library libcudnn.so.8
2022-05-10 10:54:54.904385: I tensorflow/core/common_runtime/gpu/gpu_device.cc:1794] Adding visible gpu devices: 0, 1, 2, 3, 4, 5, 6, 7
2022-05-10 10:54:54.924318: I tensorflow/core/platform/profile_utils/cpu_utils.cc:94] CPU Frequency: 2700000000 Hz
2022-05-10 10:54:54.929983: I tensorflow/compiler/xla/service/service.cc:168] XLA service 0x46af0b0 initialized for platform Host (this does not guarantee that XLA will be used). Devices:
2022-05-10 10:54:54.929998: I tensorflow/compiler/xla/service/service.cc:176]   StreamExecutor device (0): Host, Default Version
2022-05-10 10:54:56.127035: I tensorflow/compiler/xla/service/service.cc:168] XLA service 0x44cf0d0 initialized for platform CUDA (this does not guarantee that XLA will be used). Devices:
2022-05-10 10:54:56.127083: I tensorflow/compiler/xla/service/service.cc:176]   StreamExecutor device (0): Tesla V100-SXM3-32GB, Compute Capability 7.0
2022-05-10 10:54:56.127092: I tensorflow/compiler/xla/service/service.cc:176]   StreamExecutor device (1): Tesla V100-SXM3-32GB, Compute Capability 7.0
2022-05-10 10:54:56.127098: I tensorflow/compiler/xla/service/service.cc:176]   StreamExecutor device (2): Tesla V100-SXM3-32GB, Compute Capability 7.0
2022-05-10 10:54:56.127105: I tensorflow/compiler/xla/service/service.cc:176]   StreamExecutor device (3): Tesla V100-SXM3-32GB, Compute Capability 7.0
2022-05-10 10:54:56.127111: I tensorflow/compiler/xla/service/service.cc:176]   StreamExecutor device (4): Tesla V100-SXM3-32GB, Compute Capability 7.0
2022-05-10 10:54:56.127117: I tensorflow/compiler/xla/service/service.cc:176]   StreamExecutor device (5): Tesla V100-SXM3-32GB, Compute Capability 7.0
2022-05-10 10:54:56.127123: I tensorflow/compiler/xla/service/service.cc:176]   StreamExecutor device (6): Tesla V100-SXM3-32GB, Compute Capability 7.0
2022-05-10 10:54:56.127129: I tensorflow/compiler/xla/service/service.cc:176]   StreamExecutor device (7): Tesla V100-SXM3-32GB, Compute Capability 7.0
2022-05-10 10:54:56.158184: I tensorflow/core/common_runtime/gpu/gpu_device.cc:1666] Found device 0 with properties: 
name: Tesla V100-SXM3-32GB major: 7 minor: 0 memoryClockRate(GHz): 1.597
pciBusID: 0000:34:00.0
2022-05-10 10:54:56.159761: I tensorflow/core/common_runtime/gpu/gpu_device.cc:1666] Found device 1 with properties: 
name: Tesla V100-SXM3-32GB major: 7 minor: 0 memoryClockRate(GHz): 1.597
pciBusID: 0000:36:00.0
2022-05-10 10:54:56.161304: I tensorflow/core/common_runtime/gpu/gpu_device.cc:1666] Found device 2 with properties: 
name: Tesla V100-SXM3-32GB major: 7 minor: 0 memoryClockRate(GHz): 1.597
pciBusID: 0000:39:00.0
2022-05-10 10:54:56.162896: I tensorflow/core/common_runtime/gpu/gpu_device.cc:1666] Found device 3 with properties: 
name: Tesla V100-SXM3-32GB major: 7 minor: 0 memoryClockRate(GHz): 1.597
pciBusID: 0000:3b:00.0
2022-05-10 10:54:56.164434: I tensorflow/core/common_runtime/gpu/gpu_device.cc:1666] Found device 4 with properties: 
name: Tesla V100-SXM3-32GB major: 7 minor: 0 memoryClockRate(GHz): 1.597
pciBusID: 0000:57:00.0
2022-05-10 10:54:56.166006: I tensorflow/core/common_runtime/gpu/gpu_device.cc:1666] Found device 5 with properties: 
name: Tesla V100-SXM3-32GB major: 7 minor: 0 memoryClockRate(GHz): 1.597
pciBusID: 0000:59:00.0
2022-05-10 10:54:56.167587: I tensorflow/core/common_runtime/gpu/gpu_device.cc:1666] Found device 6 with properties: 
name: Tesla V100-SXM3-32GB major: 7 minor: 0 memoryClockRate(GHz): 1.597
pciBusID: 0000:5c:00.0
2022-05-10 10:54:56.169106: I tensorflow/core/common_runtime/gpu/gpu_device.cc:1666] Found device 7 with properties: 
name: Tesla V100-SXM3-32GB major: 7 minor: 0 memoryClockRate(GHz): 1.597
pciBusID: 0000:5e:00.0
2022-05-10 10:54:56.169125: I tensorflow/stream_executor/platform/default/dso_loader.cc:49] Successfully opened dynamic library libcudart.so.11.0
2022-05-10 10:54:56.169153: I tensorflow/stream_executor/platform/default/dso_loader.cc:49] Successfully opened dynamic library libcublas.so.11
2022-05-10 10:54:56.169160: I tensorflow/stream_executor/platform/default/dso_loader.cc:49] Successfully opened dynamic library libcufft.so.10
2022-05-10 10:54:56.169165: I tensorflow/stream_executor/platform/default/dso_loader.cc:49] Successfully opened dynamic library libcurand.so.10
2022-05-10 10:54:56.169171: I tensorflow/stream_executor/platform/default/dso_loader.cc:49] Successfully opened dynamic library libcusolver.so.11
2022-05-10 10:54:56.169177: I tensorflow/stream_executor/platform/default/dso_loader.cc:49] Successfully opened dynamic library libcusparse.so.11
2022-05-10 10:54:56.169182: I tensorflow/stream_executor/platform/default/dso_loader.cc:49] Successfully opened dynamic library libcudnn.so.8
2022-05-10 10:54:56.193818: I tensorflow/core/common_runtime/gpu/gpu_device.cc:1794] Adding visible gpu devices: 0, 1, 2, 3, 4, 5, 6, 7
2022-05-10 10:54:58.443146: I tensorflow/core/common_runtime/gpu/gpu_device.cc:1206] Device interconnect StreamExecutor with strength 1 edge matrix:
2022-05-10 10:54:58.443183: I tensorflow/core/common_runtime/gpu/gpu_device.cc:1212]      0 1 2 3 4 5 6 7 
2022-05-10 10:54:58.443188: I tensorflow/core/common_runtime/gpu/gpu_device.cc:1225] 0:   N Y Y Y Y Y Y Y 
2022-05-10 10:54:58.443191: I tensorflow/core/common_runtime/gpu/gpu_device.cc:1225] 1:   Y N Y Y Y Y Y Y 
2022-05-10 10:54:58.443193: I tensorflow/core/common_runtime/gpu/gpu_device.cc:1225] 2:   Y Y N Y Y Y Y Y 
2022-05-10 10:54:58.443195: I tensorflow/core/common_runtime/gpu/gpu_device.cc:1225] 3:   Y Y Y N Y Y Y Y 
2022-05-10 10:54:58.443198: I tensorflow/core/common_runtime/gpu/gpu_device.cc:1225] 4:   Y Y Y Y N Y Y Y 
2022-05-10 10:54:58.443200: I tensorflow/core/common_runtime/gpu/gpu_device.cc:1225] 5:   Y Y Y Y Y N Y Y 
2022-05-10 10:54:58.443202: I tensorflow/core/common_runtime/gpu/gpu_device.cc:1225] 6:   Y Y Y Y Y Y N Y 
2022-05-10 10:54:58.443204: I tensorflow/core/common_runtime/gpu/gpu_device.cc:1225] 7:   Y Y Y Y Y Y Y N 
2022-05-10 10:54:58.457625: W tensorflow/core/common_runtime/gpu/gpu_bfc_allocator.cc:39] Overriding allow_growth setting because the TF_FORCE_GPU_ALLOW_GROWTH environment variable is set. Original config value was 0.
2022-05-10 10:54:58.457662: I tensorflow/core/common_runtime/gpu/gpu_device.cc:1351] Created TensorFlow device (/job:localhost/replica:0/task:0/device:GPU:0 with 31000 MB memory) -> physical GPU (device: 0, name: Tesla V100-SXM3-32GB, pci bus id: 0000:34:00.0, compute capability: 7.0)
2022-05-10 10:54:58.459662: W tensorflow/core/common_runtime/gpu/gpu_bfc_allocator.cc:39] Overriding allow_growth setting because the TF_FORCE_GPU_ALLOW_GROWTH environment variable is set. Original config value was 0.
2022-05-10 10:54:58.459683: I tensorflow/core/common_runtime/gpu/gpu_device.cc:1351] Created TensorFlow device (/job:localhost/replica:0/task:0/device:GPU:1 with 31000 MB memory) -> physical GPU (device: 1, name: Tesla V100-SXM3-32GB, pci bus id: 0000:36:00.0, compute capability: 7.0)
2022-05-10 10:54:58.461608: W tensorflow/core/common_runtime/gpu/gpu_bfc_allocator.cc:39] Overriding allow_growth setting because the TF_FORCE_GPU_ALLOW_GROWTH environment variable is set. Original config value was 0.
2022-05-10 10:54:58.461626: I tensorflow/core/common_runtime/gpu/gpu_device.cc:1351] Created TensorFlow device (/job:localhost/replica:0/task:0/device:GPU:2 with 31000 MB memory) -> physical GPU (device: 2, name: Tesla V100-SXM3-32GB, pci bus id: 0000:39:00.0, compute capability: 7.0)
2022-05-10 10:54:58.463543: W tensorflow/core/common_runtime/gpu/gpu_bfc_allocator.cc:39] Overriding allow_growth setting because the TF_FORCE_GPU_ALLOW_GROWTH environment variable is set. Original config value was 0.
2022-05-10 10:54:58.463561: I tensorflow/core/common_runtime/gpu/gpu_device.cc:1351] Created TensorFlow device (/job:localhost/replica:0/task:0/device:GPU:3 with 31000 MB memory) -> physical GPU (device: 3, name: Tesla V100-SXM3-32GB, pci bus id: 0000:3b:00.0, compute capability: 7.0)
2022-05-10 10:54:58.465848: W tensorflow/core/common_runtime/gpu/gpu_bfc_allocator.cc:39] Overriding allow_growth setting because the TF_FORCE_GPU_ALLOW_GROWTH environment variable is set. Original config value was 0.
2022-05-10 10:54:58.465868: I tensorflow/core/common_runtime/gpu/gpu_device.cc:1351] Created TensorFlow device (/job:localhost/replica:0/task:0/device:GPU:4 with 31000 MB memory) -> physical GPU (device: 4, name: Tesla V100-SXM3-32GB, pci bus id: 0000:57:00.0, compute capability: 7.0)
2022-05-10 10:54:58.467713: W tensorflow/core/common_runtime/gpu/gpu_bfc_allocator.cc:39] Overriding allow_growth setting because the TF_FORCE_GPU_ALLOW_GROWTH environment variable is set. Original config value was 0.
2022-05-10 10:54:58.467730: I tensorflow/core/common_runtime/gpu/gpu_device.cc:1351] Created TensorFlow device (/job:localhost/replica:0/task:0/device:GPU:5 with 31000 MB memory) -> physical GPU (device: 5, name: Tesla V100-SXM3-32GB, pci bus id: 0000:59:00.0, compute capability: 7.0)
2022-05-10 10:54:58.469662: W tensorflow/core/common_runtime/gpu/gpu_bfc_allocator.cc:39] Overriding allow_growth setting because the TF_FORCE_GPU_ALLOW_GROWTH environment variable is set. Original config value was 0.
2022-05-10 10:54:58.469680: I tensorflow/core/common_runtime/gpu/gpu_device.cc:1351] Created TensorFlow device (/job:localhost/replica:0/task:0/device:GPU:6 with 31000 MB memory) -> physical GPU (device: 6, name: Tesla V100-SXM3-32GB, pci bus id: 0000:5c:00.0, compute capability: 7.0)
2022-05-10 10:54:58.471506: W tensorflow/core/common_runtime/gpu/gpu_bfc_allocator.cc:39] Overriding allow_growth setting because the TF_FORCE_GPU_ALLOW_GROWTH environment variable is set. Original config value was 0.
2022-05-10 10:54:58.471522: I tensorflow/core/common_runtime/gpu/gpu_device.cc:1351] Created TensorFlow device (/job:localhost/replica:0/task:0/device:GPU:7 with 31000 MB memory) -> physical GPU (device: 7, name: Tesla V100-SXM3-32GB, pci bus id: 0000:5e:00.0, compute capability: 7.0)
2022-05-10 10:54:58.482644: I tensorflow/core/common_runtime/gpu/gpu_device.cc:1666] Found device 0 with properties: 
name: Tesla V100-SXM3-32GB major: 7 minor: 0 memoryClockRate(GHz): 1.597
pciBusID: 0000:34:00.0
2022-05-10 10:54:58.484223: I tensorflow/core/common_runtime/gpu/gpu_device.cc:1666] Found device 1 with properties: 
name: Tesla V100-SXM3-32GB major: 7 minor: 0 memoryClockRate(GHz): 1.597
pciBusID: 0000:36:00.0
2022-05-10 10:54:58.485782: I tensorflow/core/common_runtime/gpu/gpu_device.cc:1666] Found device 2 with properties: 
name: Tesla V100-SXM3-32GB major: 7 minor: 0 memoryClockRate(GHz): 1.597
pciBusID: 0000:39:00.0
2022-05-10 10:54:58.487322: I tensorflow/core/common_runtime/gpu/gpu_device.cc:1666] Found device 3 with properties: 
name: Tesla V100-SXM3-32GB major: 7 minor: 0 memoryClockRate(GHz): 1.597
pciBusID: 0000:3b:00.0
2022-05-10 10:54:58.488887: I tensorflow/core/common_runtime/gpu/gpu_device.cc:1666] Found device 4 with properties: 
name: Tesla V100-SXM3-32GB major: 7 minor: 0 memoryClockRate(GHz): 1.597
pciBusID: 0000:57:00.0
2022-05-10 10:54:58.490434: I tensorflow/core/common_runtime/gpu/gpu_device.cc:1666] Found device 5 with properties: 
name: Tesla V100-SXM3-32GB major: 7 minor: 0 memoryClockRate(GHz): 1.597
pciBusID: 0000:59:00.0
2022-05-10 10:54:58.491979: I tensorflow/core/common_runtime/gpu/gpu_device.cc:1666] Found device 6 with properties: 
name: Tesla V100-SXM3-32GB major: 7 minor: 0 memoryClockRate(GHz): 1.597
pciBusID: 0000:5c:00.0
2022-05-10 10:54:58.493549: I tensorflow/core/common_runtime/gpu/gpu_device.cc:1666] Found device 7 with properties: 
name: Tesla V100-SXM3-32GB major: 7 minor: 0 memoryClockRate(GHz): 1.597
pciBusID: 0000:5e:00.0
2022-05-10 10:54:58.493586: I tensorflow/stream_executor/platform/default/dso_loader.cc:49] Successfully opened dynamic library libcudart.so.11.0
2022-05-10 10:54:58.493649: I tensorflow/stream_executor/platform/default/dso_loader.cc:49] Successfully opened dynamic library libcublas.so.11
2022-05-10 10:54:58.493659: I tensorflow/stream_executor/platform/default/dso_loader.cc:49] Successfully opened dynamic library libcufft.so.10
2022-05-10 10:54:58.493667: I tensorflow/stream_executor/platform/default/dso_loader.cc:49] Successfully opened dynamic library libcurand.so.10
2022-05-10 10:54:58.493675: I tensorflow/stream_executor/platform/default/dso_loader.cc:49] Successfully opened dynamic library libcusolver.so.11
2022-05-10 10:54:58.493683: I tensorflow/stream_executor/platform/default/dso_loader.cc:49] Successfully opened dynamic library libcusparse.so.11
2022-05-10 10:54:58.493691: I tensorflow/stream_executor/platform/default/dso_loader.cc:49] Successfully opened dynamic library libcudnn.so.8
2022-05-10 10:54:58.518363: I tensorflow/core/common_runtime/gpu/gpu_device.cc:1794] Adding visible gpu devices: 0, 1, 2, 3, 4, 5, 6, 7
2022-05-10 10:54:58.518441: I tensorflow/core/common_runtime/gpu/gpu_device.cc:1206] Device interconnect StreamExecutor with strength 1 edge matrix:
2022-05-10 10:54:58.518445: I tensorflow/core/common_runtime/gpu/gpu_device.cc:1212]      0 1 2 3 4 5 6 7 
2022-05-10 10:54:58.518448: I tensorflow/core/common_runtime/gpu/gpu_device.cc:1225] 0:   N Y Y Y Y Y Y Y 
2022-05-10 10:54:58.518451: I tensorflow/core/common_runtime/gpu/gpu_device.cc:1225] 1:   Y N Y Y Y Y Y Y 
2022-05-10 10:54:58.518453: I tensorflow/core/common_runtime/gpu/gpu_device.cc:1225] 2:   Y Y N Y Y Y Y Y 
2022-05-10 10:54:58.518456: I tensorflow/core/common_runtime/gpu/gpu_device.cc:1225] 3:   Y Y Y N Y Y Y Y 
2022-05-10 10:54:58.518458: I tensorflow/core/common_runtime/gpu/gpu_device.cc:1225] 4:   Y Y Y Y N Y Y Y 
2022-05-10 10:54:58.518460: I tensorflow/core/common_runtime/gpu/gpu_device.cc:1225] 5:   Y Y Y Y Y N Y Y 
2022-05-10 10:54:58.518463: I tensorflow/core/common_runtime/gpu/gpu_device.cc:1225] 6:   Y Y Y Y Y Y N Y 
2022-05-10 10:54:58.518465: I tensorflow/core/common_runtime/gpu/gpu_device.cc:1225] 7:   Y Y Y Y Y Y Y N 
2022-05-10 10:54:58.532548: I tensorflow/core/common_runtime/gpu/gpu_device.cc:1351] Created TensorFlow device (/device:GPU:0 with 31000 MB memory) -> physical GPU (device: 0, name: Tesla V100-SXM3-32GB, pci bus id: 0000:34:00.0, compute capability: 7.0)
2022-05-10 10:54:58.534242: I tensorflow/core/common_runtime/gpu/gpu_device.cc:1351] Created TensorFlow device (/device:GPU:1 with 31000 MB memory) -> physical GPU (device: 1, name: Tesla V100-SXM3-32GB, pci bus id: 0000:36:00.0, compute capability: 7.0)
2022-05-10 10:54:58.535909: I tensorflow/core/common_runtime/gpu/gpu_device.cc:1351] Created TensorFlow device (/device:GPU:2 with 31000 MB memory) -> physical GPU (device: 2, name: Tesla V100-SXM3-32GB, pci bus id: 0000:39:00.0, compute capability: 7.0)
2022-05-10 10:54:58.537611: I tensorflow/core/common_runtime/gpu/gpu_device.cc:1351] Created TensorFlow device (/device:GPU:3 with 31000 MB memory) -> physical GPU (device: 3, name: Tesla V100-SXM3-32GB, pci bus id: 0000:3b:00.0, compute capability: 7.0)
2022-05-10 10:54:58.539284: I tensorflow/core/common_runtime/gpu/gpu_device.cc:1351] Created TensorFlow device (/device:GPU:4 with 31000 MB memory) -> physical GPU (device: 4, name: Tesla V100-SXM3-32GB, pci bus id: 0000:57:00.0, compute capability: 7.0)
2022-05-10 10:54:58.540948: I tensorflow/core/common_runtime/gpu/gpu_device.cc:1351] Created TensorFlow device (/device:GPU:5 with 31000 MB memory) -> physical GPU (device: 5, name: Tesla V100-SXM3-32GB, pci bus id: 0000:59:00.0, compute capability: 7.0)
2022-05-10 10:54:58.542668: I tensorflow/core/common_runtime/gpu/gpu_device.cc:1351] Created TensorFlow device (/device:GPU:6 with 31000 MB memory) -> physical GPU (device: 6, name: Tesla V100-SXM3-32GB, pci bus id: 0000:5c:00.0, compute capability: 7.0)
2022-05-10 10:54:58.544341: I tensorflow/core/common_runtime/gpu/gpu_device.cc:1351] Created TensorFlow device (/device:GPU:7 with 31000 MB memory) -> physical GPU (device: 7, name: Tesla V100-SXM3-32GB, pci bus id: 0000:5e:00.0, compute capability: 7.0)
INFO:tensorflow:Initializing RunConfig with distribution strategies.
I0510 10:54:58.548479 139648733099840 run_config.py:566] Initializing RunConfig with distribution strategies.
INFO:tensorflow:Not using Distribute Coordinator.
I0510 10:54:58.548978 139648733099840 estimator_training.py:167] Not using Distribute Coordinator.
INFO:tensorflow:Using config: {'_model_dir': 'experiments/dlrm_on_criteo/ckpt', '_tf_random_seed': None, '_save_summary_steps': 1000, '_save_checkpoints_steps': 10000, '_save_checkpoints_secs': None, '_session_config': gpu_options {
  allow_growth: true
}
allow_soft_placement: true
, '_keep_checkpoint_max': 10, '_keep_checkpoint_every_n_hours': 10000, '_log_step_count_steps': 100, '_train_distribute': <tensorflow.python.distribute.mirrored_strategy.MirroredStrategyV1 object at 0x7f00dd4c9610>, '_device_fn': None, '_protocol': None, '_eval_distribute': <tensorflow.python.distribute.mirrored_strategy.MirroredStrategyV1 object at 0x7f00dd4c9610>, '_experimental_distribute': None, '_experimental_max_worker_delay_secs': None, '_session_creation_timeout_secs': 7200, '_service': None, '_cluster_spec': <tensorflow.python.training.server_lib.ClusterSpec object at 0x7f00dd4c9a30>, '_task_type': 'worker', '_task_id': 0, '_global_id_in_cluster': 0, '_master': '', '_evaluation_master': '', '_is_chief': True, '_num_ps_replicas': 0, '_num_worker_replicas': 1, '_distribute_coordinator_mode': None}
I0510 10:54:58.550045 139648733099840 estimator.py:212] Using config: {'_model_dir': 'experiments/dlrm_on_criteo/ckpt', '_tf_random_seed': None, '_save_summary_steps': 1000, '_save_checkpoints_steps': 10000, '_save_checkpoints_secs': None, '_session_config': gpu_options {
  allow_growth: true
}
allow_soft_placement: true
, '_keep_checkpoint_max': 10, '_keep_checkpoint_every_n_hours': 10000, '_log_step_count_steps': 100, '_train_distribute': <tensorflow.python.distribute.mirrored_strategy.MirroredStrategyV1 object at 0x7f00dd4c9610>, '_device_fn': None, '_protocol': None, '_eval_distribute': <tensorflow.python.distribute.mirrored_strategy.MirroredStrategyV1 object at 0x7f00dd4c9610>, '_experimental_distribute': None, '_experimental_max_worker_delay_secs': None, '_session_creation_timeout_secs': 7200, '_service': None, '_cluster_spec': <tensorflow.python.training.server_lib.ClusterSpec object at 0x7f00dd4c9a30>, '_task_type': 'worker', '_task_id': 0, '_global_id_in_cluster': 0, '_master': '', '_evaluation_master': '', '_is_chief': True, '_num_ps_replicas': 0, '_num_worker_replicas': 1, '_distribute_coordinator_mode': None}
WARNING:tensorflow:From /home/ruotongw/EasyRec/easy_rec/python/main.py:202: The name tf.gfile.IsDirectory is deprecated. Please use tf.io.gfile.isdir instead.

W0510 10:54:58.551040 139648733099840 module_wrapper.py:137] From /home/ruotongw/EasyRec/easy_rec/python/main.py:202: The name tf.gfile.IsDirectory is deprecated. Please use tf.io.gfile.isdir instead.

WARNING:tensorflow:From /home/ruotongw/EasyRec/easy_rec/python/main.py:205: The name tf.gfile.Glob is deprecated. Please use tf.io.gfile.glob instead.

W0510 10:54:58.551203 139648733099840 module_wrapper.py:137] From /home/ruotongw/EasyRec/easy_rec/python/main.py:205: The name tf.gfile.Glob is deprecated. Please use tf.io.gfile.glob instead.

WARNING:tensorflow:From /home/ruotongw/EasyRec/easy_rec/python/utils/config_util.py:312: The name tf.gfile.Open is deprecated. Please use tf.io.gfile.GFile instead.

W0510 10:54:58.557178 139648733099840 module_wrapper.py:137] From /home/ruotongw/EasyRec/easy_rec/python/utils/config_util.py:312: The name tf.gfile.Open is deprecated. Please use tf.io.gfile.GFile instead.

I0510 10:54:58.557316 139648733099840 config_util.py:313] Writing protobuf message file to experiments/dlrm_on_criteo/ckpt/pipeline.config
I0510 10:54:58.574003 139648733099840 main.py:297] Both num_steps and num_epochs are set.
I0510 10:54:58.574065 139648733099840 main.py:304] Will train min(2500, sample_num * 1000 / 8192) steps...
I0510 10:54:58.574207 139648733099840 input.py:37] check_mode: False 
I0510 10:54:58.582484 139648733099840 criteo_input.py:54] total number of input parts: 1
I0510 10:54:58.582597 139648733099840 criteo_binary_reader.py:34] total number samples = 89137319
I0510 10:54:58.582641 139648733099840 criteo_binary_reader.py:59] num_batches = 10882 num_samples = 89137319
I0510 10:54:58.582671 139648733099840 criteo_binary_reader.py:70] start_file_id = 0 start_file_pos = 0
I0510 10:54:58.590778 139648733099840 criteo_binary_reader.py:97] end_file_id = 0 end_file_pos = 89137319
I0510 10:54:58.596856 139648733099840 input.py:37] check_mode: False 
I0510 10:54:58.597114 139648733099840 input.py:37] check_mode: False 
I0510 10:54:58.603723 139648733099840 criteo_input.py:54] total number of input parts: 1
I0510 10:54:58.603797 139648733099840 criteo_binary_reader.py:34] total number samples = 89137319
I0510 10:54:58.603833 139648733099840 criteo_binary_reader.py:59] num_batches = 10882 num_samples = 89137319
I0510 10:54:58.603861 139648733099840 criteo_binary_reader.py:70] start_file_id = 0 start_file_pos = 0
I0510 10:54:58.611996 139648733099840 criteo_binary_reader.py:97] end_file_id = 0 end_file_pos = 89137319
INFO:tensorflow:Not using Distribute Coordinator.
I0510 10:54:58.622408 139648733099840 estimator_training.py:186] Not using Distribute Coordinator.
INFO:tensorflow:Running training and evaluation locally (non-distributed).
I0510 10:54:58.622626 139648733099840 training.py:612] Running training and evaluation locally (non-distributed).
INFO:tensorflow:Start train and evaluate loop. The evaluate will happen after every checkpoint. Checkpoint frequency is determined based on RunConfig arguments: save_checkpoints_steps 10000 or save_checkpoints_secs None.
I0510 10:54:58.622920 139648733099840 training.py:695] Start train and evaluate loop. The evaluate will happen after every checkpoint. Checkpoint frequency is determined based on RunConfig arguments: save_checkpoints_steps 10000 or save_checkpoints_secs None.
WARNING:tensorflow:From /usr/local/lib/python3.8/dist-packages/tensorflow_core/python/autograph/converters/directives.py:119: The name tf.string_to_number is deprecated. Please use tf.strings.to_number instead.

W0510 10:55:02.178724 139648733099840 module_wrapper.py:137] From /usr/local/lib/python3.8/dist-packages/tensorflow_core/python/autograph/converters/directives.py:119: The name tf.string_to_number is deprecated. Please use tf.strings.to_number instead.

WARNING:tensorflow:From /usr/local/lib/python3.8/dist-packages/tensorflow_core/python/autograph/converters/directives.py:119: The name tf.assert_equal is deprecated. Please use tf.compat.v1.assert_equal instead.

W0510 10:55:02.180392 139648733099840 module_wrapper.py:137] From /usr/local/lib/python3.8/dist-packages/tensorflow_core/python/autograph/converters/directives.py:119: The name tf.assert_equal is deprecated. Please use tf.compat.v1.assert_equal instead.

I0510 10:55:10.132411 139648733099840 __init__.py:34] Modifying <tensorflow.python.keras.optimizer_v2.gradient_descent.SGD object at 0x7f003805b940> 's apply_gradients
INFO:tensorflow:Calling model_fn.
I0510 10:55:10.136848 139610009081600 estimator.py:1148] Calling model_fn.
I0510 10:55:10.137528 139610009081600 feature_column.py:100] shared embeddings[num=0]
WARNING:tensorflow:From /home/ruotongw/EasyRec/easy_rec/python/layers/input_layer.py:340: The name tf.get_collection is deprecated. Please use tf.compat.v1.get_collection instead.

W0510 10:55:10.200278 139610009081600 module_wrapper.py:137] From /home/ruotongw/EasyRec/easy_rec/python/layers/input_layer.py:340: The name tf.get_collection is deprecated. Please use tf.compat.v1.get_collection instead.

I0510 10:55:10.755231 139610009081600 dnn.py:28] dnn activation function = tf.nn.relu
I0510 10:55:11.089257 139610009081600 dlrm.py:41] arch_interaction_op = dot
I0510 10:55:11.198039 139610009081600 dnn.py:28] dnn activation function = tf.nn.relu
WARNING:tensorflow:From /home/ruotongw/EasyRec/easy_rec/python/builders/loss_builder.py:19: The name tf.losses.sigmoid_cross_entropy is deprecated. Please use tf.compat.v1.losses.sigmoid_cross_entropy instead.

W0510 10:55:11.813686 139610009081600 module_wrapper.py:137] From /home/ruotongw/EasyRec/easy_rec/python/builders/loss_builder.py:19: The name tf.losses.sigmoid_cross_entropy is deprecated. Please use tf.compat.v1.losses.sigmoid_cross_entropy instead.

WARNING:tensorflow:From /home/ruotongw/EasyRec/easy_rec/python/model/easy_rec_estimator.py:91: The name tf.GraphKeys is deprecated. Please use tf.compat.v1.GraphKeys instead.

W0510 10:55:11.825702 139610009081600 module_wrapper.py:137] From /home/ruotongw/EasyRec/easy_rec/python/model/easy_rec_estimator.py:91: The name tf.GraphKeys is deprecated. Please use tf.compat.v1.GraphKeys instead.

WARNING:tensorflow:From /home/ruotongw/EasyRec/easy_rec/python/model/easy_rec_estimator.py:110: The name tf.summary.scalar is deprecated. Please use tf.compat.v1.summary.scalar instead.

W0510 10:55:11.826675 139610009081600 module_wrapper.py:137] From /home/ruotongw/EasyRec/easy_rec/python/model/easy_rec_estimator.py:110: The name tf.summary.scalar is deprecated. Please use tf.compat.v1.summary.scalar instead.

WARNING:tensorflow:From /home/ruotongw/EasyRec/easy_rec/python/builders/optimizer_builder.py:58: The name tf.train.MomentumOptimizer is deprecated. Please use tf.compat.v1.train.MomentumOptimizer instead.

W0510 10:55:11.829355 139610009081600 module_wrapper.py:137] From /home/ruotongw/EasyRec/easy_rec/python/builders/optimizer_builder.py:58: The name tf.train.MomentumOptimizer is deprecated. Please use tf.compat.v1.train.MomentumOptimizer instead.

WARNING:tensorflow:From /home/ruotongw/EasyRec/easy_rec/python/model/easy_rec_estimator.py:223: The name tf.trainable_variables is deprecated. Please use tf.compat.v1.trainable_variables instead.

W0510 10:55:11.830117 139610009081600 module_wrapper.py:137] From /home/ruotongw/EasyRec/easy_rec/python/model/easy_rec_estimator.py:223: The name tf.trainable_variables is deprecated. Please use tf.compat.v1.trainable_variables instead.

WARNING:tensorflow:From /home/ruotongw/EasyRec/easy_rec/python/model/easy_rec_estimator.py:226: The name tf.train.get_global_step is deprecated. Please use tf.compat.v1.train.get_global_step instead.

W0510 10:55:11.830220 139610009081600 module_wrapper.py:137] From /home/ruotongw/EasyRec/easy_rec/python/model/easy_rec_estimator.py:226: The name tf.train.get_global_step is deprecated. Please use tf.compat.v1.train.get_global_step instead.

INFO:tensorflow:Calling model_fn.
I0510 10:55:12.164506 139610017474304 estimator.py:1148] Calling model_fn.
I0510 10:55:12.165273 139610017474304 feature_column.py:100] shared embeddings[num=0]
I0510 10:55:12.326517 139610017474304 dnn.py:28] dnn activation function = tf.nn.relu
I0510 10:55:12.382163 139610017474304 dlrm.py:41] arch_interaction_op = dot
I0510 10:55:12.489341 139610017474304 dnn.py:28] dnn activation function = tf.nn.relu
INFO:tensorflow:Calling model_fn.
I0510 10:55:12.848771 139610042652416 estimator.py:1148] Calling model_fn.
I0510 10:55:12.849092 139610042652416 feature_column.py:100] shared embeddings[num=0]
I0510 10:55:13.010048 139610042652416 dnn.py:28] dnn activation function = tf.nn.relu
I0510 10:55:13.063553 139610042652416 dlrm.py:41] arch_interaction_op = dot
I0510 10:55:13.303254 139610042652416 dnn.py:28] dnn activation function = tf.nn.relu
INFO:tensorflow:Calling model_fn.
I0510 10:55:13.685071 139610059437824 estimator.py:1148] Calling model_fn.
I0510 10:55:13.685429 139610059437824 feature_column.py:100] shared embeddings[num=0]
I0510 10:55:13.850877 139610059437824 dnn.py:28] dnn activation function = tf.nn.relu
I0510 10:55:13.904938 139610059437824 dlrm.py:41] arch_interaction_op = dot
I0510 10:55:14.011137 139610059437824 dnn.py:28] dnn activation function = tf.nn.relu
INFO:tensorflow:Calling model_fn.
I0510 10:55:14.386218 139610034259712 estimator.py:1148] Calling model_fn.
I0510 10:55:14.386541 139610034259712 feature_column.py:100] shared embeddings[num=0]
I0510 10:55:14.545326 139610034259712 dnn.py:28] dnn activation function = tf.nn.relu
I0510 10:55:14.599555 139610034259712 dlrm.py:41] arch_interaction_op = dot
I0510 10:55:14.704548 139610034259712 dnn.py:28] dnn activation function = tf.nn.relu
INFO:tensorflow:Calling model_fn.
I0510 10:55:15.079644 139610025867008 estimator.py:1148] Calling model_fn.
I0510 10:55:15.079972 139610025867008 feature_column.py:100] shared embeddings[num=0]
I0510 10:55:15.241178 139610025867008 dnn.py:28] dnn activation function = tf.nn.relu
I0510 10:55:15.295891 139610025867008 dlrm.py:41] arch_interaction_op = dot
I0510 10:55:15.403604 139610025867008 dnn.py:28] dnn activation function = tf.nn.relu
INFO:tensorflow:Calling model_fn.
I0510 10:55:15.914105 139608985696000 estimator.py:1148] Calling model_fn.
I0510 10:55:15.914501 139608985696000 feature_column.py:100] shared embeddings[num=0]
I0510 10:55:16.077054 139608985696000 dnn.py:28] dnn activation function = tf.nn.relu
I0510 10:55:16.132328 139608985696000 dlrm.py:41] arch_interaction_op = dot
I0510 10:55:16.240903 139608985696000 dnn.py:28] dnn activation function = tf.nn.relu
INFO:tensorflow:Calling model_fn.
I0510 10:55:16.643423 139608977303296 estimator.py:1148] Calling model_fn.
I0510 10:55:16.643762 139608977303296 feature_column.py:100] shared embeddings[num=0]
I0510 10:55:16.805966 139608977303296 dnn.py:28] dnn activation function = tf.nn.relu
I0510 10:55:16.859804 139608977303296 dlrm.py:41] arch_interaction_op = dot
I0510 10:55:16.965425 139608977303296 dnn.py:28] dnn activation function = tf.nn.relu
INFO:tensorflow:batch_all_reduce: 30 all-reduces with algorithm = nccl, num_packs = 1, agg_small_grads_max_bytes = 0 and agg_small_grads_max_group = 10
I0510 10:55:19.492290 139648733099840 cross_device_ops.py:743] batch_all_reduce: 30 all-reduces with algorithm = nccl, num_packs = 1, agg_small_grads_max_bytes = 0 and agg_small_grads_max_group = 10
WARNING:tensorflow:From /home/ruotongw/EasyRec/easy_rec/python/model/easy_rec_estimator.py:284: The name tf.train.LoggingTensorHook is deprecated. Please use tf.estimator.LoggingTensorHook instead.

W0510 10:55:20.736154 139610009081600 module_wrapper.py:137] From /home/ruotongw/EasyRec/easy_rec/python/model/easy_rec_estimator.py:284: The name tf.train.LoggingTensorHook is deprecated. Please use tf.estimator.LoggingTensorHook instead.

WARNING:tensorflow:From /home/ruotongw/EasyRec/easy_rec/python/model/easy_rec_estimator.py:315: The name tf.train.Scaffold is deprecated. Please use tf.compat.v1.train.Scaffold instead.

W0510 10:55:20.736579 139610009081600 module_wrapper.py:137] From /home/ruotongw/EasyRec/easy_rec/python/model/easy_rec_estimator.py:315: The name tf.train.Scaffold is deprecated. Please use tf.compat.v1.train.Scaffold instead.

WARNING:tensorflow:From /home/ruotongw/EasyRec/easy_rec/python/model/easy_rec_estimator.py:320: The name tf.report_uninitialized_variables is deprecated. Please use tf.compat.v1.report_uninitialized_variables instead.

W0510 10:55:20.736670 139610009081600 module_wrapper.py:137] From /home/ruotongw/EasyRec/easy_rec/python/model/easy_rec_estimator.py:320: The name tf.report_uninitialized_variables is deprecated. Please use tf.compat.v1.report_uninitialized_variables instead.

INFO:tensorflow:Done calling model_fn.
I0510 10:55:21.242533 139610009081600 estimator.py:1150] Done calling model_fn.
INFO:tensorflow:Done calling model_fn.
I0510 10:55:21.732980 139610017474304 estimator.py:1150] Done calling model_fn.
INFO:tensorflow:Done calling model_fn.
I0510 10:55:22.422711 139610042652416 estimator.py:1150] Done calling model_fn.
INFO:tensorflow:Done calling model_fn.
I0510 10:55:22.918783 139610059437824 estimator.py:1150] Done calling model_fn.
INFO:tensorflow:Done calling model_fn.
I0510 10:55:23.413465 139610034259712 estimator.py:1150] Done calling model_fn.
INFO:tensorflow:Done calling model_fn.
I0510 10:55:23.909899 139610025867008 estimator.py:1150] Done calling model_fn.
INFO:tensorflow:Done calling model_fn.
I0510 10:55:24.402738 139608985696000 estimator.py:1150] Done calling model_fn.
INFO:tensorflow:Done calling model_fn.
I0510 10:55:24.860869 139608977303296 estimator.py:1150] Done calling model_fn.
INFO:tensorflow:Reduce to /replica:0/task:0/device:CPU:0 then broadcast to ('/replica:0/task:0/device:CPU:0',).
I0510 10:55:24.861651 139648733099840 cross_device_ops.py:425] Reduce to /replica:0/task:0/device:CPU:0 then broadcast to ('/replica:0/task:0/device:CPU:0',).
INFO:tensorflow:Create CheckpointSaverHook.
I0510 10:55:24.885360 139648733099840 basic_session_run_hooks.py:541] Create CheckpointSaverHook.
WARNING:tensorflow:Issue encountered when serializing variables.
Type is unsupported, or the types of the items don't match field type in CollectionDef. Note this is a warning and probably safe to ignore.
EmbeddingVariable.to_proto is not implemented
W0510 10:55:27.451738 139648733099840 meta_graph.py:445] Issue encountered when serializing variables.
Type is unsupported, or the types of the items don't match field type in CollectionDef. Note this is a warning and probably safe to ignore.
EmbeddingVariable.to_proto is not implemented
WARNING:tensorflow:Issue encountered when serializing trainable_variables.
Type is unsupported, or the types of the items don't match field type in CollectionDef. Note this is a warning and probably safe to ignore.
EmbeddingVariable.to_proto is not implemented
W0510 10:55:27.452044 139648733099840 meta_graph.py:445] Issue encountered when serializing trainable_variables.
Type is unsupported, or the types of the items don't match field type in CollectionDef. Note this is a warning and probably safe to ignore.
EmbeddingVariable.to_proto is not implemented
WARNING:tensorflow:Issue encountered when serializing SparseOperationKitEmbeddingLayers.
Type is unsupported, or the types of the items don't match field type in CollectionDef. Note this is a warning and probably safe to ignore.
'DenseEmbeddingLayerHandle' object has no attribute 'name'
W0510 10:55:27.452230 139648733099840 meta_graph.py:445] Issue encountered when serializing SparseOperationKitEmbeddingLayers.
Type is unsupported, or the types of the items don't match field type in CollectionDef. Note this is a warning and probably safe to ignore.
'DenseEmbeddingLayerHandle' object has no attribute 'name'
WARNING:tensorflow:Issue encountered when serializing SOK.
Type is unsupported, or the types of the items don't match field type in CollectionDef. Note this is a warning and probably safe to ignore.
'tuple' object has no attribute 'name'
W0510 10:55:27.452317 139648733099840 meta_graph.py:445] Issue encountered when serializing SOK.
Type is unsupported, or the types of the items don't match field type in CollectionDef. Note this is a warning and probably safe to ignore.
'tuple' object has no attribute 'name'
INFO:tensorflow:Reduce to /replica:0/task:0/device:CPU:0 then broadcast to ('/replica:0/task:0/device:CPU:0',).
I0510 10:55:28.290103 139648733099840 cross_device_ops.py:425] Reduce to /replica:0/task:0/device:CPU:0 then broadcast to ('/replica:0/task:0/device:CPU:0',).
INFO:tensorflow:Reduce to /replica:0/task:0/device:CPU:0 then broadcast to ('/replica:0/task:0/device:CPU:0',).
I0510 10:55:28.294852 139648733099840 cross_device_ops.py:425] Reduce to /replica:0/task:0/device:CPU:0 then broadcast to ('/replica:0/task:0/device:CPU:0',).
INFO:tensorflow:Reduce to /replica:0/task:0/device:CPU:0 then broadcast to ('/replica:0/task:0/device:CPU:0',).
I0510 10:55:28.306706 139648733099840 cross_device_ops.py:425] Reduce to /replica:0/task:0/device:CPU:0 then broadcast to ('/replica:0/task:0/device:CPU:0',).
INFO:tensorflow:Reduce to /replica:0/task:0/device:CPU:0 then broadcast to ('/replica:0/task:0/device:CPU:0',).
I0510 10:55:28.310979 139648733099840 cross_device_ops.py:425] Reduce to /replica:0/task:0/device:CPU:0 then broadcast to ('/replica:0/task:0/device:CPU:0',).
INFO:tensorflow:Reduce to /replica:0/task:0/device:CPU:0 then broadcast to ('/replica:0/task:0/device:CPU:0',).
I0510 10:55:28.322382 139648733099840 cross_device_ops.py:425] Reduce to /replica:0/task:0/device:CPU:0 then broadcast to ('/replica:0/task:0/device:CPU:0',).
INFO:tensorflow:Reduce to /replica:0/task:0/device:CPU:0 then broadcast to ('/replica:0/task:0/device:CPU:0',).
I0510 10:55:28.326612 139648733099840 cross_device_ops.py:425] Reduce to /replica:0/task:0/device:CPU:0 then broadcast to ('/replica:0/task:0/device:CPU:0',).
INFO:tensorflow:Reduce to /replica:0/task:0/device:CPU:0 then broadcast to ('/replica:0/task:0/device:CPU:0',).
I0510 10:55:28.342455 139648733099840 cross_device_ops.py:425] Reduce to /replica:0/task:0/device:CPU:0 then broadcast to ('/replica:0/task:0/device:CPU:0',).
INFO:tensorflow:Reduce to /replica:0/task:0/device:CPU:0 then broadcast to ('/replica:0/task:0/device:CPU:0',).
I0510 10:55:28.346798 139648733099840 cross_device_ops.py:425] Reduce to /replica:0/task:0/device:CPU:0 then broadcast to ('/replica:0/task:0/device:CPU:0',).
INFO:tensorflow:Reduce to /replica:0/task:0/device:CPU:0 then broadcast to ('/replica:0/task:0/device:CPU:0',).
I0510 10:55:28.358034 139648733099840 cross_device_ops.py:425] Reduce to /replica:0/task:0/device:CPU:0 then broadcast to ('/replica:0/task:0/device:CPU:0',).
INFO:tensorflow:Graph was finalized.
I0510 10:55:29.059765 139648733099840 monitored_session.py:240] Graph was finalized.
2022-05-10 10:55:29.062882: I tensorflow/core/common_runtime/gpu/gpu_device.cc:1666] Found device 0 with properties: 
name: Tesla V100-SXM3-32GB major: 7 minor: 0 memoryClockRate(GHz): 1.597
pciBusID: 0000:34:00.0
2022-05-10 10:55:29.064491: I tensorflow/core/common_runtime/gpu/gpu_device.cc:1666] Found device 1 with properties: 
name: Tesla V100-SXM3-32GB major: 7 minor: 0 memoryClockRate(GHz): 1.597
pciBusID: 0000:36:00.0
2022-05-10 10:55:29.066086: I tensorflow/core/common_runtime/gpu/gpu_device.cc:1666] Found device 2 with properties: 
name: Tesla V100-SXM3-32GB major: 7 minor: 0 memoryClockRate(GHz): 1.597
pciBusID: 0000:39:00.0
2022-05-10 10:55:29.067651: I tensorflow/core/common_runtime/gpu/gpu_device.cc:1666] Found device 3 with properties: 
name: Tesla V100-SXM3-32GB major: 7 minor: 0 memoryClockRate(GHz): 1.597
pciBusID: 0000:3b:00.0
2022-05-10 10:55:29.069209: I tensorflow/core/common_runtime/gpu/gpu_device.cc:1666] Found device 4 with properties: 
name: Tesla V100-SXM3-32GB major: 7 minor: 0 memoryClockRate(GHz): 1.597
pciBusID: 0000:57:00.0
2022-05-10 10:55:29.070807: I tensorflow/core/common_runtime/gpu/gpu_device.cc:1666] Found device 5 with properties: 
name: Tesla V100-SXM3-32GB major: 7 minor: 0 memoryClockRate(GHz): 1.597
pciBusID: 0000:59:00.0
2022-05-10 10:55:29.072350: I tensorflow/core/common_runtime/gpu/gpu_device.cc:1666] Found device 6 with properties: 
name: Tesla V100-SXM3-32GB major: 7 minor: 0 memoryClockRate(GHz): 1.597
pciBusID: 0000:5c:00.0
2022-05-10 10:55:29.073910: I tensorflow/core/common_runtime/gpu/gpu_device.cc:1666] Found device 7 with properties: 
name: Tesla V100-SXM3-32GB major: 7 minor: 0 memoryClockRate(GHz): 1.597
pciBusID: 0000:5e:00.0
2022-05-10 10:55:29.073942: I tensorflow/stream_executor/platform/default/dso_loader.cc:49] Successfully opened dynamic library libcudart.so.11.0
2022-05-10 10:55:29.074009: I tensorflow/stream_executor/platform/default/dso_loader.cc:49] Successfully opened dynamic library libcublas.so.11
2022-05-10 10:55:29.074018: I tensorflow/stream_executor/platform/default/dso_loader.cc:49] Successfully opened dynamic library libcufft.so.10
2022-05-10 10:55:29.074025: I tensorflow/stream_executor/platform/default/dso_loader.cc:49] Successfully opened dynamic library libcurand.so.10
2022-05-10 10:55:29.074031: I tensorflow/stream_executor/platform/default/dso_loader.cc:49] Successfully opened dynamic library libcusolver.so.11
2022-05-10 10:55:29.074038: I tensorflow/stream_executor/platform/default/dso_loader.cc:49] Successfully opened dynamic library libcusparse.so.11
2022-05-10 10:55:29.074051: I tensorflow/stream_executor/platform/default/dso_loader.cc:49] Successfully opened dynamic library libcudnn.so.8
2022-05-10 10:55:29.098813: I tensorflow/core/common_runtime/gpu/gpu_device.cc:1794] Adding visible gpu devices: 0, 1, 2, 3, 4, 5, 6, 7
2022-05-10 10:55:29.099011: I tensorflow/core/common_runtime/gpu/gpu_device.cc:1206] Device interconnect StreamExecutor with strength 1 edge matrix:
2022-05-10 10:55:29.099016: I tensorflow/core/common_runtime/gpu/gpu_device.cc:1212]      0 1 2 3 4 5 6 7 
2022-05-10 10:55:29.099020: I tensorflow/core/common_runtime/gpu/gpu_device.cc:1225] 0:   N Y Y Y Y Y Y Y 
2022-05-10 10:55:29.099022: I tensorflow/core/common_runtime/gpu/gpu_device.cc:1225] 1:   Y N Y Y Y Y Y Y 
2022-05-10 10:55:29.099025: I tensorflow/core/common_runtime/gpu/gpu_device.cc:1225] 2:   Y Y N Y Y Y Y Y 
2022-05-10 10:55:29.099027: I tensorflow/core/common_runtime/gpu/gpu_device.cc:1225] 3:   Y Y Y N Y Y Y Y 
2022-05-10 10:55:29.099029: I tensorflow/core/common_runtime/gpu/gpu_device.cc:1225] 4:   Y Y Y Y N Y Y Y 
2022-05-10 10:55:29.099031: I tensorflow/core/common_runtime/gpu/gpu_device.cc:1225] 5:   Y Y Y Y Y N Y Y 
2022-05-10 10:55:29.099034: I tensorflow/core/common_runtime/gpu/gpu_device.cc:1225] 6:   Y Y Y Y Y Y N Y 
2022-05-10 10:55:29.099036: I tensorflow/core/common_runtime/gpu/gpu_device.cc:1225] 7:   Y Y Y Y Y Y Y N 
2022-05-10 10:55:29.113694: I tensorflow/core/common_runtime/gpu/gpu_device.cc:1351] Created TensorFlow device (/job:localhost/replica:0/task:0/device:GPU:0 with 31000 MB memory) -> physical GPU (device: 0, name: Tesla V100-SXM3-32GB, pci bus id: 0000:34:00.0, compute capability: 7.0)
2022-05-10 10:55:29.115409: I tensorflow/core/common_runtime/gpu/gpu_device.cc:1351] Created TensorFlow device (/job:localhost/replica:0/task:0/device:GPU:1 with 31000 MB memory) -> physical GPU (device: 1, name: Tesla V100-SXM3-32GB, pci bus id: 0000:36:00.0, compute capability: 7.0)
2022-05-10 10:55:29.117110: I tensorflow/core/common_runtime/gpu/gpu_device.cc:1351] Created TensorFlow device (/job:localhost/replica:0/task:0/device:GPU:2 with 31000 MB memory) -> physical GPU (device: 2, name: Tesla V100-SXM3-32GB, pci bus id: 0000:39:00.0, compute capability: 7.0)
2022-05-10 10:55:29.118791: I tensorflow/core/common_runtime/gpu/gpu_device.cc:1351] Created TensorFlow device (/job:localhost/replica:0/task:0/device:GPU:3 with 31000 MB memory) -> physical GPU (device: 3, name: Tesla V100-SXM3-32GB, pci bus id: 0000:3b:00.0, compute capability: 7.0)
2022-05-10 10:55:29.120434: I tensorflow/core/common_runtime/gpu/gpu_device.cc:1351] Created TensorFlow device (/job:localhost/replica:0/task:0/device:GPU:4 with 31000 MB memory) -> physical GPU (device: 4, name: Tesla V100-SXM3-32GB, pci bus id: 0000:57:00.0, compute capability: 7.0)
2022-05-10 10:55:29.122098: I tensorflow/core/common_runtime/gpu/gpu_device.cc:1351] Created TensorFlow device (/job:localhost/replica:0/task:0/device:GPU:5 with 31000 MB memory) -> physical GPU (device: 5, name: Tesla V100-SXM3-32GB, pci bus id: 0000:59:00.0, compute capability: 7.0)
2022-05-10 10:55:29.123789: I tensorflow/core/common_runtime/gpu/gpu_device.cc:1351] Created TensorFlow device (/job:localhost/replica:0/task:0/device:GPU:6 with 31000 MB memory) -> physical GPU (device: 6, name: Tesla V100-SXM3-32GB, pci bus id: 0000:5c:00.0, compute capability: 7.0)
2022-05-10 10:55:29.125430: I tensorflow/core/common_runtime/gpu/gpu_device.cc:1351] Created TensorFlow device (/job:localhost/replica:0/task:0/device:GPU:7 with 31000 MB memory) -> physical GPU (device: 7, name: Tesla V100-SXM3-32GB, pci bus id: 0000:5e:00.0, compute capability: 7.0)
You are using the plugin with MirroredStrategy.
2022-05-10 10:55:32.180132: I sparse_operation_kit/kit_cc/kit_cc_infra/src/resources/manager.cc:107] Mapping from local_replica_id to device_id:
2022-05-10 10:55:32.180132: I sparse_operation_kit/kit_cc/kit_cc_infra/src/resources/manager.cc:109] 0 -> 0
2022-05-10 10:55:32.180132: I sparse_operation_kit/kit_cc/kit_cc_infra/src/resources/manager.cc:109] 1 -> 1
2022-05-10 10:55:32.180132: I sparse_operation_kit/kit_cc/kit_cc_infra/src/resources/manager.cc:109] 2 -> 2
2022-05-10 10:55:32.180132: I sparse_operation_kit/kit_cc/kit_cc_infra/src/resources/manager.cc:109] 3 -> 3
2022-05-10 10:55:32.180132: I sparse_operation_kit/kit_cc/kit_cc_infra/src/resources/manager.cc:109] 4 -> 4
2022-05-10 10:55:32.180132: I sparse_operation_kit/kit_cc/kit_cc_infra/src/resources/manager.cc:109] 5 -> 5
2022-05-10 10:55:32.180132: I sparse_operation_kit/kit_cc/kit_cc_infra/src/resources/manager.cc:109] 6 -> 6
2022-05-10 10:55:32.180132: I sparse_operation_kit/kit_cc/kit_cc_infra/src/resources/manager.cc:109] 7 -> 7
2022-05-10 10:55:32.180132: I sparse_operation_kit/kit_cc/kit_cc_infra/src/resources/manager.cc:84] Global seed is 2624737300
2022-05-10 10:55:32.180132: I sparse_operation_kit/kit_cc/kit_cc_infra/src/resources/manager.cc:85] Local GPU Count: 8
2022-05-10 10:55:32.180132: I sparse_operation_kit/kit_cc/kit_cc_infra/src/resources/manager.cc:86] Global GPU Count: 8
2022-5-102022 10:55:32.2022180132--: I 202255--10 10:55:32.180132: I 05-10 -10:5510: 3210.:55180132:: I 32.180132: I sparse_operation_kit/kit_cc/kit_cc_infra/src/resources/manager.cc:127] Global Replica Id: 3; Local Replica Id: 3
sparse_operation_kit/kit_cc/kit_cc_infra/src/resources/manager.cc:127] Global Replica Id: 2; Local Replica Id: 2
sparse_operation_kit/kit_cc/kit_cc_infra/src/resources/manager.cc:127] 2022sparse_operation_kit/kit_cc/kit_cc_infra/src/resources/manager.cc:127] Global Replica Id: 6; Local Replica Id: 6
-05-Global Replica Id: 4; Local Replica Id: 410 
10:55:32.180132: I 2022-05-10 10:55:32.180132: I 2022-05-10 10:55:32.2022-180132: I 5-10 10:55:32.180132: I sparse_operation_kit/kit_cc/kit_cc_infra/src/resources/manager.cc:127] Global Replica Id: 0; Local Replica Id: 0
sparse_operation_kit/kit_cc/kit_cc_infra/src/resources/manager.cc:127] sparse_operation_kit/kit_cc/kit_cc_infra/src/resources/manager.cc:127] Global Replica Id: 7; Local Replica Id: 7
Global Replica Id: 1; Local Replica Id: 1
sparse_operation_kit/kit_cc/kit_cc_infra/src/resources/manager.cc:127] Global Replica Id: 5; Local Replica Id: 5
2022-05-10 10:55:35.167239: I tensorflow/stream_executor/platform/default/dso_loader.cc:49] Successfully opened dynamic library libcurand.so.10
2022-05-10 10:55:35.199647: I tensorflow/stream_executor/platform/default/dso_loader.cc:49] Successfully opened dynamic library libcusparse.so.11
2022-05-10 10:55:36.180136: I sparse_operation_kit/kit_cc/kit_cc_infra/src/resources/manager.cc:198] All peer to peer access enabled.
2022-05-10 10:55:38.180138: I sparse_operation_kit/kit_cc/kit_cc_infra/src/parameters/raw_manager.cc:132] Created embedding variable whose name is EmbeddingVariable
2022-05-10 10:55:38.180138: I sparse_operation_kit/kit_cc/kit_cc_infra/src/parameters/raw_manager.cc:132] Created embedding variable whose name is EmbeddingVariable/replica_5
2022-05-10 10:55:38.180138: I sparse_operation_kit/kit_cc/kit_cc_infra/src/parameters/raw_manager.cc:132] Created embedding variable whose name is EmbeddingVariable/replica_6
2022-05-10 10:55:38.180138: I sparse_operation_kit/kit_cc/kit_cc_infra/src/parameters/raw_manager.cc:132] Created embedding variable whose name is EmbeddingVariable/replica_4
2022-05-10 10:55:38.180138: I sparse_operation_kit/kit_cc/kit_cc_infra/src/parameters/raw_manager.cc:132] Created embedding variable whose name is EmbeddingVariable/replica_3
2022-05-10 10:55:38.180138: I sparse_operation_kit/kit_cc/kit_cc_infra/src/parameters/raw_manager.cc:132] Created embedding variable whose name is EmbeddingVariable/replica_1
2022-05-10 10:55:38.180138: I sparse_operation_kit/kit_cc/kit_cc_infra/src/parameters/raw_manager.cc:132] Created embedding variable whose name is EmbeddingVariable/replica_2
2022-05-10 10:55:38.180138: I sparse_operation_kit/kit_cc/kit_cc_infra/src/parameters/raw_manager.cc:132] Created embedding variable whose name is EmbeddingVariable/replica_7
INFO:tensorflow:Running local_init_op.
I0510 10:55:41.946695 139648733099840 session_manager.py:502] Running local_init_op.
INFO:tensorflow:Done running local_init_op.
I0510 10:55:42.674582 139648733099840 session_manager.py:504] Done running local_init_op.
WARNING:tensorflow:Issue encountered when serializing variables.
Type is unsupported, or the types of the items don't match field type in CollectionDef. Note this is a warning and probably safe to ignore.
EmbeddingVariable.to_proto is not implemented
W0510 10:55:54.312415 139648733099840 meta_graph.py:445] Issue encountered when serializing variables.
Type is unsupported, or the types of the items don't match field type in CollectionDef. Note this is a warning and probably safe to ignore.
EmbeddingVariable.to_proto is not implemented
WARNING:tensorflow:Issue encountered when serializing trainable_variables.
Type is unsupported, or the types of the items don't match field type in CollectionDef. Note this is a warning and probably safe to ignore.
EmbeddingVariable.to_proto is not implemented
W0510 10:55:54.312792 139648733099840 meta_graph.py:445] Issue encountered when serializing trainable_variables.
Type is unsupported, or the types of the items don't match field type in CollectionDef. Note this is a warning and probably safe to ignore.
EmbeddingVariable.to_proto is not implemented
WARNING:tensorflow:Issue encountered when serializing SparseOperationKitEmbeddingLayers.
Type is unsupported, or the types of the items don't match field type in CollectionDef. Note this is a warning and probably safe to ignore.
'DenseEmbeddingLayerHandle' object has no attribute 'name'
W0510 10:55:54.312947 139648733099840 meta_graph.py:445] Issue encountered when serializing SparseOperationKitEmbeddingLayers.
Type is unsupported, or the types of the items don't match field type in CollectionDef. Note this is a warning and probably safe to ignore.
'DenseEmbeddingLayerHandle' object has no attribute 'name'
WARNING:tensorflow:Issue encountered when serializing SOK.
Type is unsupported, or the types of the items don't match field type in CollectionDef. Note this is a warning and probably safe to ignore.
'tuple' object has no attribute 'name'
W0510 10:55:54.313065 139648733099840 meta_graph.py:445] Issue encountered when serializing SOK.
Type is unsupported, or the types of the items don't match field type in CollectionDef. Note this is a warning and probably safe to ignore.
'tuple' object has no attribute 'name'
INFO:tensorflow:Saving checkpoints for 0 into experiments/dlrm_on_criteo/ckpt/model.ckpt.
I0510 10:55:56.626784 139648733099840 basic_session_run_hooks.py:606] Saving checkpoints for 0 into experiments/dlrm_on_criteo/ckpt/model.ckpt.
WARNING:tensorflow:Issue encountered when serializing variables.
Type is unsupported, or the types of the items don't match field type in CollectionDef. Note this is a warning and probably safe to ignore.
EmbeddingVariable.to_proto is not implemented
W0510 10:55:59.350326 139648733099840 meta_graph.py:445] Issue encountered when serializing variables.
Type is unsupported, or the types of the items don't match field type in CollectionDef. Note this is a warning and probably safe to ignore.
EmbeddingVariable.to_proto is not implemented
WARNING:tensorflow:Issue encountered when serializing trainable_variables.
Type is unsupported, or the types of the items don't match field type in CollectionDef. Note this is a warning and probably safe to ignore.
EmbeddingVariable.to_proto is not implemented
W0510 10:55:59.350686 139648733099840 meta_graph.py:445] Issue encountered when serializing trainable_variables.
Type is unsupported, or the types of the items don't match field type in CollectionDef. Note this is a warning and probably safe to ignore.
EmbeddingVariable.to_proto is not implemented
WARNING:tensorflow:Issue encountered when serializing SparseOperationKitEmbeddingLayers.
Type is unsupported, or the types of the items don't match field type in CollectionDef. Note this is a warning and probably safe to ignore.
'DenseEmbeddingLayerHandle' object has no attribute 'name'
W0510 10:55:59.350841 139648733099840 meta_graph.py:445] Issue encountered when serializing SparseOperationKitEmbeddingLayers.
Type is unsupported, or the types of the items don't match field type in CollectionDef. Note this is a warning and probably safe to ignore.
'DenseEmbeddingLayerHandle' object has no attribute 'name'
WARNING:tensorflow:Issue encountered when serializing SOK.
Type is unsupported, or the types of the items don't match field type in CollectionDef. Note this is a warning and probably safe to ignore.
'tuple' object has no attribute 'name'
W0510 10:55:59.350954 139648733099840 meta_graph.py:445] Issue encountered when serializing SOK.
Type is unsupported, or the types of the items don't match field type in CollectionDef. Note this is a warning and probably safe to ignore.
'tuple' object has no attribute 'name'
2022-05-10 10:56:10.189762: I tensorflow/stream_executor/platform/default/dso_loader.cc:49] Successfully opened dynamic library libcublas.so.11
I0510 10:56:13.545301 139608012601088 criteo_input.py:70] start epoch: 0
2022-05-10 10:56:13.714200: I tensorflow/stream_executor/platform/default/dso_loader.cc:49] Successfully opened dynamic library libcudnn.so.8
2022-05-10 10:56:13.180173: I sparse_operation_kit/kit_cc/kit_cc_infra/src/parameters/raw_param.cc:120] Variable: EmbeddingVariable/replica_2 on global_replica_id: 1 start initialization
2022-05-10 10:56:13.180173: I sparse_operation_kit/kit_cc/kit_cc_infra/src/parameters/raw_param.cc:120] Variable: EmbeddingVariable/replica_2 on global_replica_id: 0 start initialization
2022-05-10 10:56:13.180173: I sparse_operation_kit/kit_cc/kit_cc_infra/src/parameters/raw_param.cc:137] Variable: EmbeddingVariable/replica_2 on global_replica_id: 1 initialization done.
2022-05-10 10:56:13.180173: I sparse_operation_kit/kit_cc/kit_cc_infra/src/parameters/raw_param.cc:120] Variable: EmbeddingVariable/replica_3 on global_replica_id: 1 start initialization
2022-05-10 10:56:13.180173: I sparse_operation_kit/kit_cc/kit_cc_infra/src/parameters/raw_param.cc:137] Variable: EmbeddingVariable/replica_3 on global_replica_id: 1 initialization done.
2022-05-10 10:56:13.180173: I sparse_operation_kit/kit_cc/kit_cc_infra/src/parameters/raw_param.cc:120] Variable: EmbeddingVariable/replica_1 on global_replica_id: 1 start initialization
2022-05-10 10:56:13.180173: I sparse_operation_kit/kit_cc/kit_cc_infra/src/parameters/raw_param.cc:137] Variable: EmbeddingVariable/replica_1 on global_replica_id: 1 initialization done.
2022-05-10 10:56:13.180173: I sparse_operation_kit/kit_cc/kit_cc_infra/src/parameters/raw_param.cc:120] Variable: EmbeddingVariable/replica_4 on global_replica_id: 1 start initialization
2022-05-10 10:56:13.180173: I sparse_operation_kit/kit_cc/kit_cc_infra/src/parameters/raw_param.cc:137] Variable: EmbeddingVariable/replica_4 on global_replica_id: 1 initialization done.
2022-05-10 10:56:13.180173: I sparse_operation_kit/kit_cc/kit_cc_infra/src/parameters/raw_param.cc:120] Variable: EmbeddingVariable/replica_6 on global_replica_id: 1 start initialization
2022-05-10 10:56:13.180173: I sparse_operation_kit/kit_cc/kit_cc_infra/src/parameters/raw_param.cc:137] Variable: EmbeddingVariable/replica_6 on global_replica_id: 1 initialization done.
2022-05-10 10:56:13.180173: I sparse_operation_kit/kit_cc/kit_cc_infra/src/parameters/raw_param.cc:120] Variable: EmbeddingVariable/replica_7 on global_replica_id: 1 start initialization
2022-05-10 10:56:13.180173: I sparse_operation_kit/kit_cc/kit_cc_infra/src/parameters/raw_param.cc:137] Variable: EmbeddingVariable/replica_2 on global_replica_id: 0 initialization done.
2022-05-10 10:56:13.180173: I sparse_operation_kit/kit_cc/kit_cc_infra/src/parameters/raw_param.cc:120] Variable: EmbeddingVariable/replica_3 on global_replica_id: 0 start initialization
2022-05-10 10:56:13.180173: I sparse_operation_kit/kit_cc/kit_cc_infra/src/parameters/raw_param.cc:120] Variable: EmbeddingVariable/replica_2 on global_replica_id: 3 start initialization
2022-05-10 10:56:13.180173: I sparse_operation_kit/kit_cc/kit_cc_infra/src/parameters/raw_param.cc:137] Variable: EmbeddingVariable/replica_7 on global_replica_id: 1 initialization done.
2022-05-10 10:56:13.180173: I sparse_operation_kit/kit_cc/kit_cc_infra/src/parameters/raw_param.cc:120] Variable: EmbeddingVariable/replica_5 on global_replica_id: 1 start initialization
2022-05-10 10:56:13.180173: I sparse_operation_kit/kit_cc/kit_cc_infra/src/parameters/raw_param.cc:137] Variable: EmbeddingVariable/replica_3 on global_replica_id: 0 initialization done.
2022-05-10 10:56:13.180173: I sparse_operation_kit/kit_cc/kit_cc_infra/src/parameters/raw_param.cc:120] Variable: EmbeddingVariable/replica_1 on global_replica_id: 0 start initialization
2022-05-10 10:56:13.180173: I sparse_operation_kit/kit_cc/kit_cc_infra/src/parameters/raw_param.cc:120] Variable: EmbeddingVariable/replica_2 on global_replica_id: 2 start initialization
2022-05-10 10:56:13.180173: I sparse_operation_kit/kit_cc/kit_cc_infra/src/parameters/raw_param.cc:137] Variable: EmbeddingVariable/replica_5 on global_replica_id: 1 initialization done.
2022-05-10 10:56:13.180173: I sparse_operation_kit/kit_cc/kit_cc_infra/src/parameters/raw_param.cc:120] Variable: EmbeddingVariable on global_replica_id: 1 start initialization
2022-05-10 10:56:13.180173: I sparse_operation_kit/kit_cc/kit_cc_infra/src/parameters/raw_param.cc:137] Variable: EmbeddingVariable/replica_1 on global_replica_id: 0 initialization done.
2022-05-10 10:56:13.180173: I sparse_operation_kit/kit_cc/kit_cc_infra/src/parameters/raw_param.cc:120] Variable: EmbeddingVariable/replica_4 on global_replica_id: 0 start initialization
2022-05-10 10:56:13.180173: I sparse_operation_kit/kit_cc/kit_cc_infra/src/parameters/raw_param.cc:137] Variable: EmbeddingVariable on global_replica_id: 1 initialization done.
2022-05-10 10:56:13.180173: I sparse_operation_kit/kit_cc/kit_cc_infra/src/parameters/raw_param.cc:137] Variable: EmbeddingVariable/replica_4 on global_replica_id: 0 initialization done.
2022-05-10 10:56:13.180173: I sparse_operation_kit/kit_cc/kit_cc_infra/src/parameters/raw_param.cc:120] Variable: EmbeddingVariable/replica_6 on global_replica_id: 0 start initialization
2022-05-10 10:56:13.180173: I sparse_operation_kit/kit_cc/kit_cc_infra/src/parameters/raw_param.cc:137] Variable: EmbeddingVariable/replica_2 on global_replica_id: 3 initialization done.
2022-05-10 10:56:13.180173: I sparse_operation_kit/kit_cc/kit_cc_infra/src/parameters/raw_param.cc:120] Variable: EmbeddingVariable/replica_3 on global_replica_id: 3 start initialization
2022-05-10 10:56:13.180173: I sparse_operation_kit/kit_cc/kit_cc_infra/src/parameters/raw_param.cc:137] Variable: EmbeddingVariable/replica_3 on global_replica_id: 3 initialization done.
2022-05-10 10:56:13.180173: I sparse_operation_kit/kit_cc/kit_cc_infra/src/parameters/raw_param.cc:120] Variable: EmbeddingVariable/replica_1 on global_replica_id: 3 start initialization
2022-05-10 10:56:13.180173: I sparse_operation_kit/kit_cc/kit_cc_infra/src/parameters/raw_param.cc:137] Variable: EmbeddingVariable/replica_1 on global_replica_id: 3 initialization done.
2022-05-10 10:56:13.180173: I sparse_operation_kit/kit_cc/kit_cc_infra/src/parameters/raw_param.cc:120] Variable: EmbeddingVariable/replica_4 on global_replica_id: 3 start initialization
2022-05-10 10:56:13.180173: I sparse_operation_kit/kit_cc/kit_cc_infra/src/parameters/raw_param.cc:137] Variable: EmbeddingVariable/replica_4 on global_replica_id: 3 initialization done.
2022-05-10 10:56:13.180173: I sparse_operation_kit/kit_cc/kit_cc_infra/src/parameters/raw_param.cc:120] Variable: EmbeddingVariable/replica_6 on global_replica_id: 3 start initialization
2022-05-10 10:56:13.180173: I sparse_operation_kit/kit_cc/kit_cc_infra/src/parameters/raw_param.cc:137] Variable: EmbeddingVariable/replica_6 on global_replica_id: 3 initialization done.
2022-05-10 10:56:13.180173: I sparse_operation_kit/kit_cc/kit_cc_infra/src/parameters/raw_param.cc:120] Variable: EmbeddingVariable/replica_7 on global_replica_id: 3 start initialization
2022-05-10 10:56:13.180173: I sparse_operation_kit/kit_cc/kit_cc_infra/src/parameters/raw_param.cc:137] Variable: EmbeddingVariable/replica_6 on global_replica_id: 0 initialization done.
2022-05-10 10:56:13.180173: I sparse_operation_kit/kit_cc/kit_cc_infra/src/parameters/raw_param.cc:120] Variable: EmbeddingVariable/replica_7 on global_replica_id: 0 start initialization
2022-05-10 10:56:13.180173: I sparse_operation_kit/kit_cc/kit_cc_infra/src/parameters/raw_param.cc:137] Variable: EmbeddingVariable/replica_2 on global_replica_id: 2 initialization done.
2022-05-10 10:56:13.180173: I sparse_operation_kit/kit_cc/kit_cc_infra/src/parameters/raw_param.cc:120] Variable: EmbeddingVariable/replica_3 on global_replica_id: 2 start initialization
2022-05-10 10:56:13.180173: I sparse_operation_kit/kit_cc/kit_cc_infra/src/parameters/raw_param.cc:137] Variable: EmbeddingVariable/replica_7 on global_replica_id: 3 initialization done.
2022-05-10 10:56:13.180173: I sparse_operation_kit/kit_cc/kit_cc_infra/src/parameters/raw_param.cc:120] Variable: EmbeddingVariable/replica_5 on global_replica_id: 3 start initialization
2022-05-10 10:56:13.180173: I sparse_operation_kit/kit_cc/kit_cc_infra/src/parameters/raw_param.cc:137] Variable: EmbeddingVariable/replica_3 on global_replica_id: 2 initialization done.
2022-05-10 10:56:13.180173: I sparse_operation_kit/kit_cc/kit_cc_infra/src/parameters/raw_param.cc:120] Variable: EmbeddingVariable/replica_1 on global_replica_id: 2 start initialization
2022-05-10 10:56:13.180173: I sparse_operation_kit/kit_cc/kit_cc_infra/src/parameters/raw_param.cc:137] Variable: EmbeddingVariable/replica_5 on global_replica_id: 3 initialization done.
2022-05-10 10:56:13.180173: I sparse_operation_kit/kit_cc/kit_cc_infra/src/parameters/raw_param.cc:120] Variable: EmbeddingVariable on global_replica_id: 3 start initialization
2022-05-10 10:56:13.180173: I sparse_operation_kit/kit_cc/kit_cc_infra/src/parameters/raw_param.cc:137] Variable: EmbeddingVariable/replica_7 on global_replica_id: 0 initialization done.
2022-05-10 10:56:13.180173: I sparse_operation_kit/kit_cc/kit_cc_infra/src/parameters/raw_param.cc:120] Variable: EmbeddingVariable/replica_5 on global_replica_id: 0 start initialization
2022-05-10 10:56:13.180173: I sparse_operation_kit/kit_cc/kit_cc_infra/src/parameters/raw_param.cc:137] Variable: EmbeddingVariable/replica_1 on global_replica_id: 2 initialization done.
2022-05-10 10:56:13.180173: I sparse_operation_kit/kit_cc/kit_cc_infra/src/parameters/raw_param.cc:120] Variable: EmbeddingVariable/replica_4 on global_replica_id: 2 start initialization
2022-05-10 10:56:13.180173: I sparse_operation_kit/kit_cc/kit_cc_infra/src/parameters/raw_param.cc:137] Variable: EmbeddingVariable on global_replica_id: 3 initialization done.
2022-05-10 10:56:13.180173: I sparse_operation_kit/kit_cc/kit_cc_infra/src/parameters/raw_param.cc:137] Variable: EmbeddingVariable/replica_5 on global_replica_id: 0 initialization done.
2022-05-10 10:56:13.180173: I sparse_operation_kit/kit_cc/kit_cc_infra/src/parameters/raw_param.cc:120] Variable: EmbeddingVariable on global_replica_id: 0 start initialization
2022-05-10 10:56:13.180173: I sparse_operation_kit/kit_cc/kit_cc_infra/src/parameters/raw_param.cc:137] Variable: EmbeddingVariable/replica_4 on global_replica_id: 2 initialization done.
2022-05-10 10:56:13.180173: I sparse_operation_kit/kit_cc/kit_cc_infra/src/parameters/raw_param.cc:120] Variable: EmbeddingVariable/replica_6 on global_replica_id: 2 start initialization
2022-05-10 10:56:13.180173: I sparse_operation_kit/kit_cc/kit_cc_infra/src/parameters/raw_param.cc:137] Variable: EmbeddingVariable on global_replica_id: 0 initialization done.
2022-05-10 10:56:13.180173: I sparse_operation_kit/kit_cc/kit_cc_infra/src/parameters/raw_param.cc:137] Variable: EmbeddingVariable/replica_6 on global_replica_id: 2 initialization done.
2022-05-10 10:56:13.180173: I sparse_operation_kit/kit_cc/kit_cc_infra/src/parameters/raw_param.cc:120] Variable: EmbeddingVariable/replica_7 on global_replica_id: 2 start initialization
2022-05-10 10:56:13.180173: I sparse_operation_kit/kit_cc/kit_cc_infra/src/parameters/raw_param.cc:137] Variable: EmbeddingVariable/replica_7 on global_replica_id: 2 initialization done.
2022-05-10 10:56:13.180173: I sparse_operation_kit/kit_cc/kit_cc_infra/src/parameters/raw_param.cc:120] Variable: EmbeddingVariable/replica_5 on global_replica_id: 2 start initialization
2022-05-10 10:56:13.180173: I sparse_operation_kit/kit_cc/kit_cc_infra/src/parameters/raw_param.cc:137] Variable: EmbeddingVariable/replica_5 on global_replica_id: 2 initialization done.
2022-05-10 10:56:13.180173: I sparse_operation_kit/kit_cc/kit_cc_infra/src/parameters/raw_param.cc:120] Variable: EmbeddingVariable on global_replica_id: 2 start initialization
2022-05-10 10:56:13.180173: I sparse_operation_kit/kit_cc/kit_cc_infra/src/parameters/raw_param.cc:137] Variable: EmbeddingVariable on global_replica_id: 2 initialization done.
2022-05-10 10:56:14.180174: I sparse_operation_kit/kit_cc/kit_cc_infra/src/parameters/raw_param.cc:120] Variable: EmbeddingVariable/replica_2 on global_replica_id: 5 start initialization
2022-05-10 10:56:14.180174: I sparse_operation_kit/kit_cc/kit_cc_infra/src/parameters/raw_param.cc:120] Variable: EmbeddingVariable/replica_2 on global_replica_id: 4 start initialization
2022-05-10 10:56:14.180174: I sparse_operation_kit/kit_cc/kit_cc_infra/src/parameters/raw_param.cc:120] Variable: EmbeddingVariable/replica_2 on global_replica_id: 6 start initialization
2022-05-10 10:56:14.180174: I sparse_operation_kit/kit_cc/kit_cc_infra/src/parameters/raw_param.cc:137] Variable: EmbeddingVariable/replica_2 on global_replica_id: 5 initialization done.
2022-05-10 10:56:14.180174: I sparse_operation_kit/kit_cc/kit_cc_infra/src/parameters/raw_param.cc:120] Variable: EmbeddingVariable/replica_3 on global_replica_id: 5 start initialization
2022-05-10 10:56:14.180174: I sparse_operation_kit/kit_cc/kit_cc_infra/src/parameters/raw_param.cc:137] Variable: EmbeddingVariable/replica_2 on global_replica_id: 6 initialization done.
2022-05-10 10:56:14.180174: I sparse_operation_kit/kit_cc/kit_cc_infra/src/parameters/raw_param.cc:120] Variable: EmbeddingVariable/replica_3 on global_replica_id: 6 start initialization
2022-05-10 10:56:14.180174: I sparse_operation_kit/kit_cc/kit_cc_infra/src/parameters/raw_param.cc:137] Variable: EmbeddingVariable/replica_2 on global_replica_id: 4 initialization done.
2022-05-10 10:56:14.180174: I sparse_operation_kit/kit_cc/kit_cc_infra/src/parameters/raw_param.cc:120] Variable: EmbeddingVariable/replica_3 on global_replica_id: 4 start initialization
2022-05-10 10:56:14.180174: I sparse_operation_kit/kit_cc/kit_cc_infra/src/parameters/raw_param.cc:137] Variable: EmbeddingVariable/replica_3 on global_replica_id: 5 initialization done.
2022-05-10 10:56:14.180174: I sparse_operation_kit/kit_cc/kit_cc_infra/src/parameters/raw_param.cc:120] Variable: EmbeddingVariable/replica_1 on global_replica_id: 5 start initialization
2022-05-10 10:56:14.180174: I sparse_operation_kit/kit_cc/kit_cc_infra/src/parameters/raw_param.cc:137] Variable: EmbeddingVariable/replica_3 on global_replica_id: 6 initialization done.
2022-05-10 10:56:14.180174: I sparse_operation_kit/kit_cc/kit_cc_infra/src/parameters/raw_param.cc:120] Variable: EmbeddingVariable/replica_1 on global_replica_id: 6 start initialization
2022-05-10 10:56:14.180174: I sparse_operation_kit/kit_cc/kit_cc_infra/src/parameters/raw_param.cc:137] Variable: EmbeddingVariable/replica_3 on global_replica_id: 4 initialization done.
2022-05-10 10:56:14.180174: I sparse_operation_kit/kit_cc/kit_cc_infra/src/parameters/raw_param.cc:120] Variable: EmbeddingVariable/replica_1 on global_replica_id: 4 start initialization
2022-05-10 10:56:14.180174: I sparse_operation_kit/kit_cc/kit_cc_infra/src/parameters/raw_param.cc:137] Variable: EmbeddingVariable/replica_1 on global_replica_id: 5 initialization done.
2022-05-10 10:56:14.180174: I sparse_operation_kit/kit_cc/kit_cc_infra/src/parameters/raw_param.cc:120] Variable: EmbeddingVariable/replica_4 on global_replica_id: 5 start initialization
2022-05-10 10:56:14.180174: I sparse_operation_kit/kit_cc/kit_cc_infra/src/parameters/raw_param.cc:137] Variable: EmbeddingVariable/replica_1 on global_replica_id: 6 initialization done.
2022-05-10 10:56:14.180174: I sparse_operation_kit/kit_cc/kit_cc_infra/src/parameters/raw_param.cc:120] Variable: EmbeddingVariable/replica_4 on global_replica_id: 6 start initialization
2022-05-10 10:56:14.180174: I sparse_operation_kit/kit_cc/kit_cc_infra/src/parameters/raw_param.cc:137] Variable: EmbeddingVariable/replica_1 on global_replica_id: 4 initialization done.
2022-05-10 10:56:14.180174: I sparse_operation_kit/kit_cc/kit_cc_infra/src/parameters/raw_param.cc:120] Variable: EmbeddingVariable/replica_4 on global_replica_id: 4 start initialization
2022-05-10 10:56:14.180174: I sparse_operation_kit/kit_cc/kit_cc_infra/src/parameters/raw_param.cc:137] Variable: EmbeddingVariable/replica_4 on global_replica_id: 5 initialization done.
2022-05-10 10:56:14.180174: I sparse_operation_kit/kit_cc/kit_cc_infra/src/parameters/raw_param.cc:120] Variable: EmbeddingVariable/replica_6 on global_replica_id: 5 start initialization
2022-05-10 10:56:14.180174: I sparse_operation_kit/kit_cc/kit_cc_infra/src/parameters/raw_param.cc:137] Variable: EmbeddingVariable/replica_4 on global_replica_id: 6 initialization done.
2022-05-10 10:56:14.180174: I sparse_operation_kit/kit_cc/kit_cc_infra/src/parameters/raw_param.cc:120] Variable: EmbeddingVariable/replica_6 on global_replica_id: 6 start initialization
2022-05-10 10:56:14.180174: I sparse_operation_kit/kit_cc/kit_cc_infra/src/parameters/raw_param.cc:137] Variable: EmbeddingVariable/replica_4 on global_replica_id: 4 initialization done.
2022-05-10 10:56:14.180174: I sparse_operation_kit/kit_cc/kit_cc_infra/src/parameters/raw_param.cc:120] Variable: EmbeddingVariable/replica_6 on global_replica_id: 4 start initialization
2022-05-10 10:56:14.180174: I sparse_operation_kit/kit_cc/kit_cc_infra/src/parameters/raw_param.cc:137] Variable: EmbeddingVariable/replica_6 on global_replica_id: 5 initialization done.
2022-05-10 10:56:14.180174: I sparse_operation_kit/kit_cc/kit_cc_infra/src/parameters/raw_param.cc:120] Variable: EmbeddingVariable/replica_7 on global_replica_id: 5 start initialization
2022-05-10 10:56:14.180174: I sparse_operation_kit/kit_cc/kit_cc_infra/src/parameters/raw_param.cc:137] Variable: EmbeddingVariable/replica_6 on global_replica_id: 6 initialization done.
2022-05-10 10:56:14.180174: I sparse_operation_kit/kit_cc/kit_cc_infra/src/parameters/raw_param.cc:120] Variable: EmbeddingVariable/replica_7 on global_replica_id: 6 start initialization
2022-05-10 10:56:14.180174: I sparse_operation_kit/kit_cc/kit_cc_infra/src/parameters/raw_param.cc:137] Variable: EmbeddingVariable/replica_6 on global_replica_id: 4 initialization done.
2022-05-10 10:56:14.180174: I sparse_operation_kit/kit_cc/kit_cc_infra/src/parameters/raw_param.cc:120] Variable: EmbeddingVariable/replica_7 on global_replica_id: 4 start initialization
2022-05-10 10:56:14.180174: I 2022-05-10 10:56:14.180174: I sparse_operation_kit/kit_cc/kit_cc_infra/src/parameters/raw_param.cc:137] Variable: EmbeddingVariable/replica_7 on global_replica_id: 6 initialization done.
2022-05-sparse_operation_kit/kit_cc/kit_cc_infra/src/parameters/raw_param.cc10 0:10137:] 56:14.180174: I Variable: EmbeddingVariable/replica_7 on global_replica_id: 5 initialization done.
2022sparse_operation_kit/kit_cc/kit_cc_infra/src/parameters/raw_param.cc-:120] 5-Variable: EmbeddingVariable/replica_5 on global_replica_id: 6 start initialization10
 10:56:14.180174: I sparse_operation_kit/kit_cc/kit_cc_infra/src/parameters/raw_param.cc:120] Variable: EmbeddingVariable/replica_5 on global_replica_id: 5 start initialization
2022-05-10 10:56:14.180174: I sparse_operation_kit/kit_cc/kit_cc_infra/src/parameters/raw_param.cc:137] Variable: EmbeddingVariable/replica_7 on global_replica_id: 4 initialization done.
2022-05-10 10:56:14.180174: I sparse_operation_kit/kit_cc/kit_cc_infra/src/parameters/raw_param.cc:120] Variable: EmbeddingVariable/replica_5 on global_replica_id: 4 start initialization
2022-05-10 10:56:14.180174: I sparse_operation_kit/kit_cc/kit_cc_infra/src/parameters/raw_param.cc:137] Variable: EmbeddingVariable/replica_5 on global_replica_id: 5 initialization done.
2022-05-10 10:56:14.180174: I sparse_operation_kit/kit_cc/kit_cc_infra/src/parameters/raw_param.cc:120] Variable: EmbeddingVariable on global_replica_id: 5 start initialization
2022-05-10 10:56:14.180174: I sparse_operation_kit/kit_cc/kit_cc_infra/src/parameters/raw_param.cc:137] Variable: EmbeddingVariable/replica_5 on global_replica_id: 6 initialization done.
2022-05-10 10:56:14.180174: I sparse_operation_kit/kit_cc/kit_cc_infra/src/parameters/raw_param.cc:120] Variable: EmbeddingVariable on global_replica_id: 6 start initialization
2022-05-10 10:56:14.180174: I sparse_operation_kit/kit_cc/kit_cc_infra/src/parameters/raw_param.cc:137] Variable: EmbeddingVariable/replica_5 on global_replica_id: 4 initialization done.
2022-05-10 10:56:14.180174: I sparse_operation_kit/kit_cc/kit_cc_infra/src/parameters/raw_param.cc:120] Variable: EmbeddingVariable on global_replica_id: 4 start initialization
2022-05-10 10:56:14.180174: I sparse_operation_kit/kit_cc/kit_cc_infra/src/parameters/raw_param.cc:137] Variable: EmbeddingVariable on global_replica_id: 5 initialization done.
2022-05-10 10:56:14.180174: I sparse_operation_kit/kit_cc/kit_cc_infra/src/parameters/raw_param.cc:137] Variable: EmbeddingVariable on global_replica_id: 6 initialization done.
2022-05-10 10:56:14.180174: I sparse_operation_kit/kit_cc/kit_cc_infra/src/parameters/raw_param.cc:137] Variable: EmbeddingVariable on global_replica_id: 4 initialization done.
2022-05-10 10:56:14.180174: I sparse_operation_kit/kit_cc/kit_cc_infra/src/parameters/raw_param.cc:120] Variable: EmbeddingVariable/replica_2 on global_replica_id: 7 start initialization
2022-05-10 10:56:14.180174: I sparse_operation_kit/kit_cc/kit_cc_infra/src/parameters/raw_param.cc:137] Variable: EmbeddingVariable/replica_2 on global_replica_id: 7 initialization done.
2022-05-10 10:56:14.180174: I sparse_operation_kit/kit_cc/kit_cc_infra/src/parameters/raw_param.cc:120] Variable: EmbeddingVariable/replica_3 on global_replica_id: 7 start initialization
2022-05-10 10:56:14.180174: I sparse_operation_kit/kit_cc/kit_cc_infra/src/parameters/raw_param.cc:137] Variable: EmbeddingVariable/replica_3 on global_replica_id: 7 initialization done.
2022-05-10 10:56:14.180174: I sparse_operation_kit/kit_cc/kit_cc_infra/src/parameters/raw_param.cc:120] Variable: EmbeddingVariable/replica_1 on global_replica_id: 7 start initialization
2022-05-10 10:56:14.180174: I sparse_operation_kit/kit_cc/kit_cc_infra/src/parameters/raw_param.cc:137] Variable: EmbeddingVariable/replica_1 on global_replica_id: 7 initialization done.
2022-05-10 10:56:14.180174: I sparse_operation_kit/kit_cc/kit_cc_infra/src/parameters/raw_param.cc:120] Variable: EmbeddingVariable/replica_4 on global_replica_id: 7 start initialization
2022-05-10 10:56:14.180174: I sparse_operation_kit/kit_cc/kit_cc_infra/src/parameters/raw_param.cc:137] Variable: EmbeddingVariable/replica_4 on global_replica_id: 7 initialization done.
2022-05-10 10:56:14.180174: I sparse_operation_kit/kit_cc/kit_cc_infra/src/parameters/raw_param.cc:120] Variable: EmbeddingVariable/replica_6 on global_replica_id: 7 start initialization
2022-05-10 10:56:14.180174: I sparse_operation_kit/kit_cc/kit_cc_infra/src/parameters/raw_param.cc:137] Variable: EmbeddingVariable/replica_6 on global_replica_id: 7 initialization done.
2022-05-10 10:56:14.180174: I sparse_operation_kit/kit_cc/kit_cc_infra/src/parameters/raw_param.cc:120] Variable: EmbeddingVariable/replica_7 on global_replica_id: 7 start initialization
2022-05-10 10:56:14.180174: I sparse_operation_kit/kit_cc/kit_cc_infra/src/parameters/raw_param.cc:137] Variable: EmbeddingVariable/replica_7 on global_replica_id: 7 initialization done.
2022-05-10 10:56:14.180174: I sparse_operation_kit/kit_cc/kit_cc_infra/src/parameters/raw_param.cc:120] Variable: EmbeddingVariable/replica_5 on global_replica_id: 7 start initialization
2022-05-10 10:56:14.180174: I sparse_operation_kit/kit_cc/kit_cc_infra/src/parameters/raw_param.cc:137] Variable: EmbeddingVariable/replica_5 on global_replica_id: 7 initialization done.
2022-05-10 10:56:14.180174: I sparse_operation_kit/kit_cc/kit_cc_infra/src/parameters/raw_param.cc:120] Variable: EmbeddingVariable on global_replica_id: 7 start initialization
2022-05-10 10:56:14.180174: I sparse_operation_kit/kit_cc/kit_cc_infra/src/parameters/raw_param.cc:137] Variable: EmbeddingVariable on global_replica_id: 7 initialization done.
2022-05-10 10:56:14.180174: I sparse_operation_kit/kit_cc/kit_cc_infra/src/facade.cc:257] SparseOperationKit allocated internal memory.
INFO:tensorflow:loss = 1.3451501, step = 0
I0510 10:56:23.891445 139648733099840 basic_session_run_hooks.py:262] loss = 1.3451501, step = 0
INFO:tensorflow:lr = 1e-04,step = 0,cross_entropy_loss = 1.213651,regularization_loss = 0.03360306,total_loss = 1.247254
I0510 10:56:23.892235 139648733099840 basic_session_run_hooks.py:254] lr = 1e-04,step = 0,cross_entropy_loss = 1.213651,regularization_loss = 0.03360306,total_loss = 1.247254
INFO:tensorflow:global_step/sec: 2.00073
I0510 10:57:13.872201 139648733099840 basic_session_run_hooks.py:692] global_step/sec: 2.00073
INFO:tensorflow:loss = 1.1789075, step = 100 (49.982 sec)
I0510 10:57:13.872906 139648733099840 basic_session_run_hooks.py:260] loss = 1.1789075, step = 100 (49.982 sec)
INFO:tensorflow:lr = 1e-04,step = 100,cross_entropy_loss = 0.6621775,regularization_loss = 0.119752415,total_loss = 0.7819299
I0510 10:57:13.873037 139648733099840 basic_session_run_hooks.py:254] lr = 1e-04,step = 100,cross_entropy_loss = 0.6621775,regularization_loss = 0.119752415,total_loss = 0.7819299
INFO:tensorflow:global_step/sec: 2.98553
I0510 10:57:47.366923 139648733099840 basic_session_run_hooks.py:692] global_step/sec: 2.98553
INFO:tensorflow:loss = 1.0757154, step = 200 (33.500 sec)
I0510 10:57:47.372851 139648733099840 basic_session_run_hooks.py:260] loss = 1.0757154, step = 200 (33.500 sec)
INFO:tensorflow:lr = 1e-04,step = 200,cross_entropy_loss = 0.4477445,regularization_loss = 0.1447235,total_loss = 0.59246796
I0510 10:57:47.372955 139648733099840 basic_session_run_hooks.py:254] lr = 1e-04,step = 200,cross_entropy_loss = 0.4477445,regularization_loss = 0.1447235,total_loss = 0.59246796
INFO:tensorflow:global_step/sec: 3.05011
I0510 10:58:20.152638 139648733099840 basic_session_run_hooks.py:692] global_step/sec: 3.05011
INFO:tensorflow:loss = 0.8459368, step = 300 (32.780 sec)
I0510 10:58:20.152968 139648733099840 basic_session_run_hooks.py:260] loss = 0.8459368, step = 300 (32.780 sec)
INFO:tensorflow:lr = 1e-04,step = 300,cross_entropy_loss = 0.37775803,regularization_loss = 0.1081134,total_loss = 0.48587143
I0510 10:58:20.153061 139648733099840 basic_session_run_hooks.py:254] lr = 1e-04,step = 300,cross_entropy_loss = 0.37775803,regularization_loss = 0.1081134,total_loss = 0.48587143
INFO:tensorflow:global_step/sec: 3.03152
I0510 10:58:53.139430 139648733099840 basic_session_run_hooks.py:692] global_step/sec: 3.03152
INFO:tensorflow:loss = 0.70361876, step = 400 (32.987 sec)
I0510 10:58:53.139907 139648733099840 basic_session_run_hooks.py:260] loss = 0.70361876, step = 400 (32.987 sec)
INFO:tensorflow:lr = 1e-04,step = 400,cross_entropy_loss = 0.33286276,regularization_loss = 0.087294444,total_loss = 0.4201572
I0510 10:58:53.140004 139648733099840 basic_session_run_hooks.py:254] lr = 1e-04,step = 400,cross_entropy_loss = 0.33286276,regularization_loss = 0.087294444,total_loss = 0.4201572
INFO:tensorflow:global_step/sec: 2.97985
I0510 10:59:26.698319 139648733099840 basic_session_run_hooks.py:692] global_step/sec: 2.97985
INFO:tensorflow:loss = 0.6575479, step = 500 (33.559 sec)
I0510 10:59:26.698913 139648733099840 basic_session_run_hooks.py:260] loss = 0.6575479, step = 500 (33.559 sec)
INFO:tensorflow:lr = 1e-04,step = 500,cross_entropy_loss = 0.31063068,regularization_loss = 0.080117784,total_loss = 0.39074847
I0510 10:59:26.699046 139648733099840 basic_session_run_hooks.py:254] lr = 1e-04,step = 500,cross_entropy_loss = 0.31063068,regularization_loss = 0.080117784,total_loss = 0.39074847
INFO:tensorflow:global_step/sec: 2.98837
I0510 11:00:00.161361 139648733099840 basic_session_run_hooks.py:692] global_step/sec: 2.98837
INFO:tensorflow:loss = 0.5611681, step = 600 (33.467 sec)
I0510 11:00:00.165971 139648733099840 basic_session_run_hooks.py:260] loss = 0.5611681, step = 600 (33.467 sec)
INFO:tensorflow:lr = 1e-04,step = 600,cross_entropy_loss = 0.27551973,regularization_loss = 0.06823667,total_loss = 0.34375638
I0510 11:00:00.166098 139648733099840 basic_session_run_hooks.py:254] lr = 1e-04,step = 600,cross_entropy_loss = 0.27551973,regularization_loss = 0.06823667,total_loss = 0.34375638
INFO:tensorflow:global_step/sec: 2.96518
I0510 11:00:33.886132 139648733099840 basic_session_run_hooks.py:692] global_step/sec: 2.96518
INFO:tensorflow:loss = 0.5052753, step = 700 (33.721 sec)
I0510 11:00:33.887161 139648733099840 basic_session_run_hooks.py:260] loss = 0.5052753, step = 700 (33.721 sec)
INFO:tensorflow:lr = 1e-04,step = 700,cross_entropy_loss = 0.24850377,regularization_loss = 0.06026096,total_loss = 0.30876473
I0510 11:00:33.887462 139648733099840 basic_session_run_hooks.py:254] lr = 1e-04,step = 700,cross_entropy_loss = 0.24850377,regularization_loss = 0.06026096,total_loss = 0.30876473
INFO:tensorflow:global_step/sec: 2.92794
I0510 11:01:08.039874 139648733099840 basic_session_run_hooks.py:692] global_step/sec: 2.92794
INFO:tensorflow:loss = 0.47624364, step = 800 (34.153 sec)
I0510 11:01:08.040236 139648733099840 basic_session_run_hooks.py:260] loss = 0.47624364, step = 800 (34.153 sec)
INFO:tensorflow:lr = 1e-04,step = 800,cross_entropy_loss = 0.22342026,regularization_loss = 0.06018266,total_loss = 0.28360292
I0510 11:01:08.040332 139648733099840 basic_session_run_hooks.py:254] lr = 1e-04,step = 800,cross_entropy_loss = 0.22342026,regularization_loss = 0.06018266,total_loss = 0.28360292
INFO:tensorflow:global_step/sec: 2.94159
I0510 11:01:42.035137 139648733099840 basic_session_run_hooks.py:692] global_step/sec: 2.94159
INFO:tensorflow:loss = 0.4442661, step = 900 (33.995 sec)
I0510 11:01:42.035517 139648733099840 basic_session_run_hooks.py:260] loss = 0.4442661, step = 900 (33.995 sec)
INFO:tensorflow:lr = 1e-04,step = 900,cross_entropy_loss = 0.21585444,regularization_loss = 0.05495746,total_loss = 0.2708119
I0510 11:01:42.035629 139648733099840 basic_session_run_hooks.py:254] lr = 1e-04,step = 900,cross_entropy_loss = 0.21585444,regularization_loss = 0.05495746,total_loss = 0.2708119
INFO:tensorflow:global_step/sec: 2.94559
I0510 11:02:15.984290 139648733099840 basic_session_run_hooks.py:692] global_step/sec: 2.94559
INFO:tensorflow:loss = 0.41904756, step = 1000 (33.958 sec)
I0510 11:02:15.993188 139648733099840 basic_session_run_hooks.py:260] loss = 0.41904756, step = 1000 (33.958 sec)
INFO:tensorflow:lr = 1e-04,step = 1000,cross_entropy_loss = 0.20248112,regularization_loss = 0.052608427,total_loss = 0.25508955
I0510 11:02:15.993418 139648733099840 basic_session_run_hooks.py:254] lr = 1e-04,step = 1000,cross_entropy_loss = 0.20248112,regularization_loss = 0.052608427,total_loss = 0.25508955
INFO:tensorflow:global_step/sec: 2.98263
I0510 11:02:49.511735 139648733099840 basic_session_run_hooks.py:692] global_step/sec: 2.98263
INFO:tensorflow:loss = 0.40404034, step = 1100 (33.519 sec)
I0510 11:02:49.512374 139648733099840 basic_session_run_hooks.py:260] loss = 0.40404034, step = 1100 (33.519 sec)
INFO:tensorflow:lr = 1e-04,step = 1100,cross_entropy_loss = 0.18956183,regularization_loss = 0.05138491,total_loss = 0.24094674
I0510 11:02:49.512529 139648733099840 basic_session_run_hooks.py:254] lr = 1e-04,step = 1100,cross_entropy_loss = 0.18956183,regularization_loss = 0.05138491,total_loss = 0.24094674
INFO:tensorflow:global_step/sec: 2.96615
I0510 11:03:23.225460 139648733099840 basic_session_run_hooks.py:692] global_step/sec: 2.96615
INFO:tensorflow:loss = 0.40617672, step = 1200 (33.714 sec)
I0510 11:03:23.225862 139648733099840 basic_session_run_hooks.py:260] loss = 0.40617672, step = 1200 (33.714 sec)
INFO:tensorflow:lr = 1e-04,step = 1200,cross_entropy_loss = 0.18611053,regularization_loss = 0.05157123,total_loss = 0.23768176
I0510 11:03:23.225957 139648733099840 basic_session_run_hooks.py:254] lr = 1e-04,step = 1200,cross_entropy_loss = 0.18611053,regularization_loss = 0.05157123,total_loss = 0.23768176
INFO:tensorflow:global_step/sec: 2.98
I0510 11:03:56.782522 139648733099840 basic_session_run_hooks.py:692] global_step/sec: 2.98
INFO:tensorflow:loss = 0.39113396, step = 1300 (33.557 sec)
I0510 11:03:56.782887 139648733099840 basic_session_run_hooks.py:260] loss = 0.39113396, step = 1300 (33.557 sec)
INFO:tensorflow:lr = 1e-04,step = 1300,cross_entropy_loss = 0.17681287,regularization_loss = 0.04946352,total_loss = 0.2262764
I0510 11:03:56.782980 139648733099840 basic_session_run_hooks.py:254] lr = 1e-04,step = 1300,cross_entropy_loss = 0.17681287,regularization_loss = 0.04946352,total_loss = 0.2262764
I0510 11:04:12.922456 139608012601088 criteo_input.py:73] finish epoch: 0
I0510 11:04:12.922718 139608012601088 criteo_input.py:70] start epoch: 1
Terminated
